<?xml version="1.0" encoding="UTF-8"?>
<coverage generated="1670579687193" clover="3.2.0">
  <project timestamp="1670579687193" name="All files">
    <metrics statements="114" coveredstatements="88" conditionals="144" coveredconditionals="110" methods="24" coveredmethods="20" elements="282" coveredelements="218" complexity="0" loc="114" ncloc="114" packages="1" files="21" classes="21"/>
    <file name="add.js" path="C:\Users\LB_U7410\git\test\COMP.SE.200-Software-Testing-Assignment\src\add.js">
      <metrics statements="1" coveredstatements="1" conditionals="0" coveredconditionals="0" methods="1" coveredmethods="1"/>
      <line num="16" count="3" type="stmt"/>
    </file>
    <file name="capitalize.js" path="C:\Users\LB_U7410\git\test\COMP.SE.200-Software-Testing-Assignment\src\capitalize.js">
      <metrics statements="1" coveredstatements="1" conditionals="0" coveredconditionals="0" methods="1" coveredmethods="1"/>
      <line num="17" count="4" type="stmt"/>
    </file>
    <file name="castArray.js" path="C:\Users\LB_U7410\git\test\COMP.SE.200-Software-Testing-Assignment\src\castArray.js">
      <metrics statements="2" coveredstatements="2" conditionals="2" coveredconditionals="2" methods="1" coveredmethods="1"/>
      <line num="34" count="4" type="stmt"/>
      <line num="35" count="4" type="cond" truecount="2" falsecount="0"/>
    </file>
    <file name="eq.js" path="C:\Users\LB_U7410\git\test\COMP.SE.200-Software-Testing-Assignment\src\eq.js">
      <metrics statements="1" coveredstatements="1" conditionals="3" coveredconditionals="3" methods="1" coveredmethods="1"/>
      <line num="32" count="6" type="cond" truecount="3" falsecount="0"/>
    </file>
    <file name="filter.js" path="C:\Users\LB_U7410\git\test\COMP.SE.200-Software-Testing-Assignment\src\filter.js">
      <metrics statements="9" coveredstatements="9" conditionals="4" coveredconditionals="4" methods="1" coveredmethods="1"/>
      <line num="25" count="3" type="stmt"/>
      <line num="26" count="3" type="stmt"/>
      <line num="27" count="3" type="cond" truecount="2" falsecount="0"/>
      <line num="28" count="3" type="stmt"/>
      <line num="30" count="3" type="stmt"/>
      <line num="31" count="3" type="stmt"/>
      <line num="32" count="3" type="cond" truecount="2" falsecount="0"/>
      <line num="33" count="1" type="stmt"/>
      <line num="36" count="3" type="stmt"/>
    </file>
    <file name="get.js" path="C:\Users\LB_U7410\git\test\COMP.SE.200-Software-Testing-Assignment\src\get.js">
      <metrics statements="2" coveredstatements="2" conditionals="4" coveredconditionals="4" methods="1" coveredmethods="1"/>
      <line num="28" count="4" type="cond" truecount="2" falsecount="0"/>
      <line num="29" count="4" type="cond" truecount="2" falsecount="0"/>
    </file>
    <file name="isArguments.js" path="C:\Users\LB_U7410\git\test\COMP.SE.200-Software-Testing-Assignment\src\isArguments.js">
      <metrics statements="1" coveredstatements="1" conditionals="2" coveredconditionals="2" methods="1" coveredmethods="1"/>
      <line num="20" count="1" type="cond" truecount="2" falsecount="0"/>
    </file>
    <file name="isArrayLike.js" path="C:\Users\LB_U7410\git\test\COMP.SE.200-Software-Testing-Assignment\src\isArrayLike.js">
      <metrics statements="1" coveredstatements="1" conditionals="3" coveredconditionals="3" methods="1" coveredmethods="1"/>
      <line num="27" count="11" type="cond" truecount="3" falsecount="0"/>
    </file>
    <file name="isBuffer.js" path="C:\Users\LB_U7410\git\test\COMP.SE.200-Software-Testing-Assignment\src\isBuffer.js">
      <metrics statements="6" coveredstatements="6" conditionals="17" coveredconditionals="14" methods="1" coveredmethods="0"/>
      <line num="4" count="1" type="cond" truecount="4" falsecount="0"/>
      <line num="7" count="1" type="cond" truecount="5" falsecount="0"/>
      <line num="10" count="1" type="cond" truecount="2" falsecount="0"/>
      <line num="13" count="1" type="cond" truecount="1" falsecount="1"/>
      <line num="16" count="1" type="cond" truecount="1" falsecount="1"/>
      <line num="33" count="1" type="cond" truecount="1" falsecount="1"/>
    </file>
    <file name="isEmpty.js" path="C:\Users\LB_U7410\git\test\COMP.SE.200-Software-Testing-Assignment\src\isEmpty.js">
      <metrics statements="14" coveredstatements="13" conditionals="19" coveredconditionals="17" methods="1" coveredmethods="1"/>
      <line num="9" count="1" type="stmt"/>
      <line num="46" count="12" type="cond" truecount="2" falsecount="0"/>
      <line num="47" count="1" type="stmt"/>
      <line num="49" count="11" type="cond" truecount="9" falsecount="0"/>
      <line num="52" count="5" type="stmt"/>
      <line num="54" count="6" type="stmt"/>
      <line num="55" count="6" type="cond" truecount="4" falsecount="0"/>
      <line num="56" count="2" type="stmt"/>
      <line num="58" count="4" type="cond" truecount="1" falsecount="1"/>
      <line num="59" count="0" type="stmt"/>
      <line num="61" count="4" type="stmt"/>
      <line num="62" count="2" type="cond" truecount="1" falsecount="1"/>
      <line num="63" count="2" type="stmt"/>
      <line num="66" count="2" type="stmt"/>
    </file>
    <file name="isLength.js" path="C:\Users\LB_U7410\git\test\COMP.SE.200-Software-Testing-Assignment\src\isLength.js">
      <metrics statements="2" coveredstatements="2" conditionals="4" coveredconditionals="4" methods="1" coveredmethods="1"/>
      <line num="2" count="1" type="stmt"/>
      <line num="29" count="11" type="cond" truecount="4" falsecount="0"/>
    </file>
    <file name="isObject.js" path="C:\Users\LB_U7410\git\test\COMP.SE.200-Software-Testing-Assignment\src\isObject.js">
      <metrics statements="2" coveredstatements="2" conditionals="3" coveredconditionals="3" methods="1" coveredmethods="1"/>
      <line num="25" count="21" type="stmt"/>
      <line num="26" count="21" type="cond" truecount="3" falsecount="0"/>
    </file>
    <file name="isObjectLike.js" path="C:\Users\LB_U7410\git\test\COMP.SE.200-Software-Testing-Assignment\src\isObjectLike.js">
      <metrics statements="1" coveredstatements="1" conditionals="2" coveredconditionals="2" methods="1" coveredmethods="1"/>
      <line num="24" count="1" type="cond" truecount="2" falsecount="0"/>
    </file>
    <file name="isSymbol.js" path="C:\Users\LB_U7410\git\test\COMP.SE.200-Software-Testing-Assignment\src\isSymbol.js">
      <metrics statements="2" coveredstatements="2" conditionals="4" coveredconditionals="4" methods="1" coveredmethods="1"/>
      <line num="19" count="28" type="stmt"/>
      <line num="20" count="28" type="cond" truecount="4" falsecount="0"/>
    </file>
    <file name="isTypedArray.js" path="C:\Users\LB_U7410\git\test\COMP.SE.200-Software-Testing-Assignment\src\isTypedArray.js">
      <metrics statements="5" coveredstatements="4" conditionals="6" coveredconditionals="3" methods="2" coveredmethods="1"/>
      <line num="6" count="1" type="stmt"/>
      <line num="9" count="1" type="cond" truecount="2" falsecount="0"/>
      <line num="26" count="1" type="cond" truecount="1" falsecount="1"/>
      <line num="27" count="2" type="stmt"/>
      <line num="28" count="0" type="cond" truecount="0" falsecount="2"/>
    </file>
    <file name="memoize.js" path="C:\Users\LB_U7410\git\test\COMP.SE.200-Software-Testing-Assignment\src\memoize.js">
      <metrics statements="13" coveredstatements="5" conditionals="13" coveredconditionals="5" methods="2" coveredmethods="1"/>
      <line num="44" count="1" type="cond" truecount="4" falsecount="1"/>
      <line num="45" count="0" type="stmt"/>
      <line num="47" count="1" type="stmt"/>
      <line num="48" count="0" type="cond" truecount="0" falsecount="2"/>
      <line num="49" count="0" type="stmt"/>
      <line num="51" count="0" type="cond" truecount="0" falsecount="2"/>
      <line num="52" count="0" type="stmt"/>
      <line num="54" count="0" type="stmt"/>
      <line num="55" count="0" type="cond" truecount="0" falsecount="2"/>
      <line num="56" count="0" type="stmt"/>
      <line num="58" count="1" type="cond" truecount="1" falsecount="1"/>
      <line num="59" count="1" type="stmt"/>
      <line num="62" count="1" type="stmt"/>
    </file>
    <file name="slice.js" path="C:\Users\LB_U7410\git\test\COMP.SE.200-Software-Testing-Assignment\src\slice.js">
      <metrics statements="16" coveredstatements="0" conditionals="16" coveredconditionals="0" methods="1" coveredmethods="0"/>
      <line num="22" count="0" type="cond" truecount="0" falsecount="2"/>
      <line num="23" count="0" type="cond" truecount="0" falsecount="2"/>
      <line num="24" count="0" type="stmt"/>
      <line num="26" count="0" type="cond" truecount="0" falsecount="2"/>
      <line num="27" count="0" type="cond" truecount="0" falsecount="2"/>
      <line num="29" count="0" type="cond" truecount="0" falsecount="2"/>
      <line num="30" count="0" type="cond" truecount="0" falsecount="2"/>
      <line num="32" count="0" type="cond" truecount="0" falsecount="2"/>
      <line num="33" count="0" type="stmt"/>
      <line num="35" count="0" type="cond" truecount="0" falsecount="2"/>
      <line num="36" count="0" type="stmt"/>
      <line num="38" count="0" type="stmt"/>
      <line num="39" count="0" type="stmt"/>
      <line num="40" count="0" type="stmt"/>
      <line num="41" count="0" type="stmt"/>
      <line num="43" count="0" type="stmt"/>
    </file>
    <file name="toNumber.js" path="C:\Users\LB_U7410\git\test\COMP.SE.200-Software-Testing-Assignment\src\toNumber.js">
      <metrics statements="18" coveredstatements="18" conditionals="22" coveredconditionals="20" methods="1" coveredmethods="1"/>
      <line num="5" count="1" type="stmt"/>
      <line num="8" count="1" type="stmt"/>
      <line num="11" count="1" type="stmt"/>
      <line num="14" count="1" type="stmt"/>
      <line num="17" count="1" type="stmt"/>
      <line num="20" count="1" type="stmt"/>
      <line num="45" count="25" type="cond" truecount="2" falsecount="0"/>
      <line num="46" count="5" type="stmt"/>
      <line num="48" count="20" type="cond" truecount="2" falsecount="0"/>
      <line num="49" count="1" type="stmt"/>
      <line num="51" count="19" type="cond" truecount="2" falsecount="0"/>
      <line num="52" count="2" type="cond" truecount="1" falsecount="1"/>
      <line num="53" count="2" type="cond" truecount="2" falsecount="0"/>
      <line num="55" count="19" type="cond" truecount="2" falsecount="0"/>
      <line num="56" count="1" type="cond" truecount="1" falsecount="1"/>
      <line num="58" count="18" type="stmt"/>
      <line num="59" count="18" type="stmt"/>
      <line num="60" count="18" type="cond" truecount="4" falsecount="0"/>
    </file>
    <file name="toString.js" path="C:\Users\LB_U7410\git\test\COMP.SE.200-Software-Testing-Assignment\src\toString.js">
      <metrics statements="9" coveredstatements="9" conditionals="12" coveredconditionals="12" methods="2" coveredmethods="2"/>
      <line num="4" count="2" type="stmt"/>
      <line num="28" count="14" type="cond" truecount="2" falsecount="0"/>
      <line num="29" count="8" type="stmt"/>
      <line num="31" count="6" type="cond" truecount="2" falsecount="0"/>
      <line num="33" count="4" type="cond" truecount="2" falsecount="0"/>
      <line num="35" count="4" type="cond" truecount="2" falsecount="0"/>
      <line num="36" count="1" type="stmt"/>
      <line num="38" count="3" type="stmt"/>
      <line num="39" count="3" type="cond" truecount="4" falsecount="0"/>
    </file>
    <file name="upperFirst.js" path="C:\Users\LB_U7410\git\test\COMP.SE.200-Software-Testing-Assignment\src\upperFirst.js">
      <metrics statements="1" coveredstatements="1" conditionals="0" coveredconditionals="0" methods="0" coveredmethods="0"/>
      <line num="19" count="1" type="stmt"/>
    </file>
    <file name="words.js" path="C:\Users\LB_U7410\git\test\COMP.SE.200-Software-Testing-Assignment\src\words.js">
      <metrics statements="7" coveredstatements="7" conditionals="8" coveredconditionals="8" methods="2" coveredmethods="2"/>
      <line num="3" count="1" type="stmt"/>
      <line num="8" count="1" type="stmt"/>
      <line num="11" count="3" type="stmt"/>
      <line num="31" count="8" type="cond" truecount="2" falsecount="0"/>
      <line num="32" count="6" type="cond" truecount="2" falsecount="0"/>
      <line num="33" count="6" type="cond" truecount="2" falsecount="0"/>
      <line num="35" count="2" type="cond" truecount="2" falsecount="0"/>
    </file>
  </project>
</coverage>
