{"C:\\Users\\LB_U7410\\git\\COMP.SE.200-Software-Testing-Assignment\\src\\add.js": {"path":"C:\\Users\\LB_U7410\\git\\COMP.SE.200-Software-Testing-Assignment\\src\\add.js","statementMap":{"0":{"start":{"line":16,"column":12},"end":{"line":16,"column":71}},"1":{"start":{"line":16,"column":52},"end":{"line":16,"column":67}}},"fnMap":{"0":{"name":"(anonymous_0)","decl":{"start":{"line":16,"column":32},"end":{"line":16,"column":33}},"loc":{"start":{"line":16,"column":52},"end":{"line":16,"column":67}},"line":16}},"branchMap":{},"s":{"0":2,"1":2},"f":{"0":2},"b":{},"_coverageSchema":"1a1c01bbd47fc00a2c39e90264f33305004495a9","hash":"4e359fc50d06ebb490e37f6936bebfeae6f18d68"}
,"C:\\Users\\LB_U7410\\git\\COMP.SE.200-Software-Testing-Assignment\\src\\castArray.js": {"path":"C:\\Users\\LB_U7410\\git\\COMP.SE.200-Software-Testing-Assignment\\src\\castArray.js","statementMap":{"0":{"start":{"line":34,"column":16},"end":{"line":34,"column":23}},"1":{"start":{"line":35,"column":2},"end":{"line":35,"column":47}}},"fnMap":{"0":{"name":"castArray","decl":{"start":{"line":33,"column":9},"end":{"line":33,"column":18}},"loc":{"start":{"line":33,"column":28},"end":{"line":36,"column":1}},"line":33}},"branchMap":{"0":{"loc":{"start":{"line":35,"column":9},"end":{"line":35,"column":47}},"type":"cond-expr","locations":[{"start":{"line":35,"column":32},"end":{"line":35,"column":37}},{"start":{"line":35,"column":40},"end":{"line":35,"column":47}}],"line":35}},"s":{"0":4,"1":4},"f":{"0":4},"b":{"0":[1,3]},"_coverageSchema":"1a1c01bbd47fc00a2c39e90264f33305004495a9","hash":"4021486e239eb6c014847376ac85eb3acbf31059"}
,"C:\\Users\\LB_U7410\\git\\COMP.SE.200-Software-Testing-Assignment\\src\\get.js": {"path":"C:\\Users\\LB_U7410\\git\\COMP.SE.200-Software-Testing-Assignment\\src\\get.js","statementMap":{"0":{"start":{"line":28,"column":17},"end":{"line":28,"column":67}},"1":{"start":{"line":29,"column":2},"end":{"line":29,"column":53}}},"fnMap":{"0":{"name":"get","decl":{"start":{"line":27,"column":9},"end":{"line":27,"column":12}},"loc":{"start":{"line":27,"column":41},"end":{"line":30,"column":1}},"line":27}},"branchMap":{"0":{"loc":{"start":{"line":28,"column":17},"end":{"line":28,"column":67}},"type":"cond-expr","locations":[{"start":{"line":28,"column":34},"end":{"line":28,"column":43}},{"start":{"line":28,"column":46},"end":{"line":28,"column":67}}],"line":28},"1":{"loc":{"start":{"line":29,"column":9},"end":{"line":29,"column":53}},"type":"cond-expr","locations":[{"start":{"line":29,"column":32},"end":{"line":29,"column":44}},{"start":{"line":29,"column":47},"end":{"line":29,"column":53}}],"line":29}},"s":{"0":4,"1":4},"f":{"0":4},"b":{"0":[1,3],"1":[2,2]},"_coverageSchema":"1a1c01bbd47fc00a2c39e90264f33305004495a9","hash":"5cd48ea3dc2f3ce16313e684ea0a4046805ff62c"}
,"C:\\Users\\LB_U7410\\git\\COMP.SE.200-Software-Testing-Assignment\\src\\isArguments.js": {"path":"C:\\Users\\LB_U7410\\git\\COMP.SE.200-Software-Testing-Assignment\\src\\isArguments.js","statementMap":{"0":{"start":{"line":20,"column":2},"end":{"line":20,"column":69}}},"fnMap":{"0":{"name":"isArguments","decl":{"start":{"line":19,"column":9},"end":{"line":19,"column":20}},"loc":{"start":{"line":19,"column":28},"end":{"line":21,"column":1}},"line":19}},"branchMap":{"0":{"loc":{"start":{"line":20,"column":9},"end":{"line":20,"column":69}},"type":"binary-expr","locations":[{"start":{"line":20,"column":9},"end":{"line":20,"column":28}},{"start":{"line":20,"column":32},"end":{"line":20,"column":69}}],"line":20}},"s":{"0":0},"f":{"0":0},"b":{"0":[0,0]},"_coverageSchema":"1a1c01bbd47fc00a2c39e90264f33305004495a9","hash":"af09fe8e0c03f2ca021568f79af9b0410962fa2a"}
,"C:\\Users\\LB_U7410\\git\\COMP.SE.200-Software-Testing-Assignment\\src\\isArrayLike.js": {"path":"C:\\Users\\LB_U7410\\git\\COMP.SE.200-Software-Testing-Assignment\\src\\isArrayLike.js","statementMap":{"0":{"start":{"line":27,"column":2},"end":{"line":27,"column":79}}},"fnMap":{"0":{"name":"isArrayLike","decl":{"start":{"line":26,"column":9},"end":{"line":26,"column":20}},"loc":{"start":{"line":26,"column":28},"end":{"line":28,"column":1}},"line":26}},"branchMap":{"0":{"loc":{"start":{"line":27,"column":9},"end":{"line":27,"column":79}},"type":"binary-expr","locations":[{"start":{"line":27,"column":9},"end":{"line":27,"column":22}},{"start":{"line":27,"column":26},"end":{"line":27,"column":53}},{"start":{"line":27,"column":57},"end":{"line":27,"column":79}}],"line":27}},"s":{"0":7},"f":{"0":7},"b":{"0":[7,7,7]},"_coverageSchema":"1a1c01bbd47fc00a2c39e90264f33305004495a9","hash":"7a2427fe68782557109ca2541f96a4d3e6f04228"}
,"C:\\Users\\LB_U7410\\git\\COMP.SE.200-Software-Testing-Assignment\\src\\isBuffer.js": {"path":"C:\\Users\\LB_U7410\\git\\COMP.SE.200-Software-Testing-Assignment\\src\\isBuffer.js","statementMap":{"0":{"start":{"line":4,"column":20},"end":{"line":4,"column":99}},"1":{"start":{"line":7,"column":19},"end":{"line":7,"column":109}},"2":{"start":{"line":10,"column":22},"end":{"line":10,"column":70}},"3":{"start":{"line":13,"column":15},"end":{"line":13,"column":54}},"4":{"start":{"line":16,"column":23},"end":{"line":16,"column":59}},"5":{"start":{"line":33,"column":17},"end":{"line":33,"column":48}},"6":{"start":{"line":33,"column":42},"end":{"line":33,"column":47}}},"fnMap":{"0":{"name":"(anonymous_0)","decl":{"start":{"line":33,"column":36},"end":{"line":33,"column":37}},"loc":{"start":{"line":33,"column":42},"end":{"line":33,"column":47}},"line":33}},"branchMap":{"0":{"loc":{"start":{"line":4,"column":20},"end":{"line":4,"column":99}},"type":"binary-expr","locations":[{"start":{"line":4,"column":20},"end":{"line":4,"column":47}},{"start":{"line":4,"column":51},"end":{"line":4,"column":67}},{"start":{"line":4,"column":71},"end":{"line":4,"column":88}},{"start":{"line":4,"column":92},"end":{"line":4,"column":99}}],"line":4},"1":{"loc":{"start":{"line":7,"column":19},"end":{"line":7,"column":109}},"type":"binary-expr","locations":[{"start":{"line":7,"column":19},"end":{"line":7,"column":30}},{"start":{"line":7,"column":34},"end":{"line":7,"column":60}},{"start":{"line":7,"column":64},"end":{"line":7,"column":79}},{"start":{"line":7,"column":83},"end":{"line":7,"column":99}},{"start":{"line":7,"column":103},"end":{"line":7,"column":109}}],"line":7},"2":{"loc":{"start":{"line":10,"column":22},"end":{"line":10,"column":70}},"type":"binary-expr","locations":[{"start":{"line":10,"column":22},"end":{"line":10,"column":32}},{"start":{"line":10,"column":36},"end":{"line":10,"column":70}}],"line":10},"3":{"loc":{"start":{"line":13,"column":15},"end":{"line":13,"column":54}},"type":"cond-expr","locations":[{"start":{"line":13,"column":31},"end":{"line":13,"column":42}},{"start":{"line":13,"column":45},"end":{"line":13,"column":54}}],"line":13},"4":{"loc":{"start":{"line":16,"column":23},"end":{"line":16,"column":59}},"type":"cond-expr","locations":[{"start":{"line":16,"column":32},"end":{"line":16,"column":47}},{"start":{"line":16,"column":50},"end":{"line":16,"column":59}}],"line":16},"5":{"loc":{"start":{"line":33,"column":17},"end":{"line":33,"column":48}},"type":"binary-expr","locations":[{"start":{"line":33,"column":17},"end":{"line":33,"column":31}},{"start":{"line":33,"column":36},"end":{"line":33,"column":47}}],"line":33}},"s":{"0":1,"1":1,"2":1,"3":1,"4":1,"5":1,"6":0},"f":{"0":0},"b":{"0":[1,1,1,1],"1":[1,1,1,1,1],"2":[1,1],"3":[1,0],"4":[1,0],"5":[1,0]},"_coverageSchema":"1a1c01bbd47fc00a2c39e90264f33305004495a9","hash":"d9e2d9e5d19868ad464e33caf6fedac62a829690"}
,"C:\\Users\\LB_U7410\\git\\COMP.SE.200-Software-Testing-Assignment\\src\\isEmpty.js": {"path":"C:\\Users\\LB_U7410\\git\\COMP.SE.200-Software-Testing-Assignment\\src\\isEmpty.js","statementMap":{"0":{"start":{"line":9,"column":23},"end":{"line":9,"column":54}},"1":{"start":{"line":46,"column":2},"end":{"line":48,"column":3}},"2":{"start":{"line":47,"column":4},"end":{"line":47,"column":15}},"3":{"start":{"line":49,"column":2},"end":{"line":53,"column":3}},"4":{"start":{"line":52,"column":4},"end":{"line":52,"column":24}},"5":{"start":{"line":54,"column":14},"end":{"line":54,"column":27}},"6":{"start":{"line":55,"column":2},"end":{"line":57,"column":3}},"7":{"start":{"line":56,"column":4},"end":{"line":56,"column":22}},"8":{"start":{"line":58,"column":2},"end":{"line":60,"column":3}},"9":{"start":{"line":59,"column":4},"end":{"line":59,"column":37}},"10":{"start":{"line":61,"column":2},"end":{"line":65,"column":3}},"11":{"start":{"line":62,"column":4},"end":{"line":64,"column":5}},"12":{"start":{"line":63,"column":6},"end":{"line":63,"column":18}},"13":{"start":{"line":66,"column":2},"end":{"line":66,"column":13}}},"fnMap":{"0":{"name":"isEmpty","decl":{"start":{"line":45,"column":9},"end":{"line":45,"column":16}},"loc":{"start":{"line":45,"column":24},"end":{"line":67,"column":1}},"line":45}},"branchMap":{"0":{"loc":{"start":{"line":46,"column":2},"end":{"line":48,"column":3}},"type":"if","locations":[{"start":{"line":46,"column":2},"end":{"line":48,"column":3}},{"start":{},"end":{}}],"line":46},"1":{"loc":{"start":{"line":49,"column":2},"end":{"line":53,"column":3}},"type":"if","locations":[{"start":{"line":49,"column":2},"end":{"line":53,"column":3}},{"start":{},"end":{}}],"line":49},"2":{"loc":{"start":{"line":49,"column":6},"end":{"line":51,"column":69}},"type":"binary-expr","locations":[{"start":{"line":49,"column":6},"end":{"line":49,"column":24}},{"start":{"line":50,"column":7},"end":{"line":50,"column":27}},{"start":{"line":50,"column":31},"end":{"line":50,"column":56}},{"start":{"line":50,"column":60},"end":{"line":50,"column":94}},{"start":{"line":51,"column":8},"end":{"line":51,"column":23}},{"start":{"line":51,"column":27},"end":{"line":51,"column":46}},{"start":{"line":51,"column":50},"end":{"line":51,"column":68}}],"line":49},"3":{"loc":{"start":{"line":55,"column":2},"end":{"line":57,"column":3}},"type":"if","locations":[{"start":{"line":55,"column":2},"end":{"line":57,"column":3}},{"start":{},"end":{}}],"line":55},"4":{"loc":{"start":{"line":55,"column":6},"end":{"line":55,"column":52}},"type":"binary-expr","locations":[{"start":{"line":55,"column":6},"end":{"line":55,"column":27}},{"start":{"line":55,"column":31},"end":{"line":55,"column":52}}],"line":55},"5":{"loc":{"start":{"line":58,"column":2},"end":{"line":60,"column":3}},"type":"if","locations":[{"start":{"line":58,"column":2},"end":{"line":60,"column":3}},{"start":{},"end":{}}],"line":58},"6":{"loc":{"start":{"line":62,"column":4},"end":{"line":64,"column":5}},"type":"if","locations":[{"start":{"line":62,"column":4},"end":{"line":64,"column":5}},{"start":{},"end":{}}],"line":62}},"s":{"0":1,"1":8,"2":1,"3":7,"4":2,"5":5,"6":5,"7":1,"8":4,"9":0,"10":4,"11":4,"12":2,"13":2},"f":{"0":8},"b":{"0":[1,7],"1":[2,5],"2":[7,2,1,0,0,0,0],"3":[1,4],"4":[5,4],"5":[0,4],"6":[2,2]},"_coverageSchema":"1a1c01bbd47fc00a2c39e90264f33305004495a9","hash":"0840cf9dd6c68f0ecdc63e7027d494ebc377d089"}
,"C:\\Users\\LB_U7410\\git\\COMP.SE.200-Software-Testing-Assignment\\src\\isLength.js": {"path":"C:\\Users\\LB_U7410\\git\\COMP.SE.200-Software-Testing-Assignment\\src\\isLength.js","statementMap":{"0":{"start":{"line":2,"column":25},"end":{"line":2,"column":41}},"1":{"start":{"line":29,"column":2},"end":{"line":30,"column":61}}},"fnMap":{"0":{"name":"isLength","decl":{"start":{"line":28,"column":9},"end":{"line":28,"column":17}},"loc":{"start":{"line":28,"column":25},"end":{"line":31,"column":1}},"line":28}},"branchMap":{"0":{"loc":{"start":{"line":29,"column":9},"end":{"line":30,"column":61}},"type":"binary-expr","locations":[{"start":{"line":29,"column":9},"end":{"line":29,"column":34}},{"start":{"line":30,"column":4},"end":{"line":30,"column":14}},{"start":{"line":30,"column":18},"end":{"line":30,"column":32}},{"start":{"line":30,"column":36},"end":{"line":30,"column":61}}],"line":29}},"s":{"0":1,"1":7},"f":{"0":7},"b":{"0":[7,2,2,2]},"_coverageSchema":"1a1c01bbd47fc00a2c39e90264f33305004495a9","hash":"45853f057d2215a94d5a8ba769ade9a63f4806fa"}
,"C:\\Users\\LB_U7410\\git\\COMP.SE.200-Software-Testing-Assignment\\src\\isObject.js": {"path":"C:\\Users\\LB_U7410\\git\\COMP.SE.200-Software-Testing-Assignment\\src\\isObject.js","statementMap":{"0":{"start":{"line":25,"column":15},"end":{"line":25,"column":27}},"1":{"start":{"line":26,"column":2},"end":{"line":26,"column":68}}},"fnMap":{"0":{"name":"isObject","decl":{"start":{"line":24,"column":9},"end":{"line":24,"column":17}},"loc":{"start":{"line":24,"column":25},"end":{"line":27,"column":1}},"line":24}},"branchMap":{"0":{"loc":{"start":{"line":26,"column":9},"end":{"line":26,"column":68}},"type":"binary-expr","locations":[{"start":{"line":26,"column":9},"end":{"line":26,"column":22}},{"start":{"line":26,"column":27},"end":{"line":26,"column":44}},{"start":{"line":26,"column":48},"end":{"line":26,"column":67}}],"line":26}},"s":{"0":16,"1":16},"f":{"0":16},"b":{"0":[16,15,14]},"_coverageSchema":"1a1c01bbd47fc00a2c39e90264f33305004495a9","hash":"6784402775ffba3320211ae680f9cd539dfb5489"}
,"C:\\Users\\LB_U7410\\git\\COMP.SE.200-Software-Testing-Assignment\\src\\isObjectLike.js": {"path":"C:\\Users\\LB_U7410\\git\\COMP.SE.200-Software-Testing-Assignment\\src\\isObjectLike.js","statementMap":{"0":{"start":{"line":24,"column":2},"end":{"line":24,"column":52}}},"fnMap":{"0":{"name":"isObjectLike","decl":{"start":{"line":23,"column":9},"end":{"line":23,"column":21}},"loc":{"start":{"line":23,"column":29},"end":{"line":25,"column":1}},"line":23}},"branchMap":{"0":{"loc":{"start":{"line":24,"column":9},"end":{"line":24,"column":52}},"type":"binary-expr","locations":[{"start":{"line":24,"column":9},"end":{"line":24,"column":34}},{"start":{"line":24,"column":38},"end":{"line":24,"column":52}}],"line":24}},"s":{"0":0},"f":{"0":0},"b":{"0":[0,0]},"_coverageSchema":"1a1c01bbd47fc00a2c39e90264f33305004495a9","hash":"379241a3de06459fa70e063e9e08f3e7c7e2d50f"}
,"C:\\Users\\LB_U7410\\git\\COMP.SE.200-Software-Testing-Assignment\\src\\isSymbol.js": {"path":"C:\\Users\\LB_U7410\\git\\COMP.SE.200-Software-Testing-Assignment\\src\\isSymbol.js","statementMap":{"0":{"start":{"line":19,"column":15},"end":{"line":19,"column":27}},"1":{"start":{"line":20,"column":2},"end":{"line":20,"column":103}}},"fnMap":{"0":{"name":"isSymbol","decl":{"start":{"line":18,"column":9},"end":{"line":18,"column":17}},"loc":{"start":{"line":18,"column":25},"end":{"line":21,"column":1}},"line":18}},"branchMap":{"0":{"loc":{"start":{"line":20,"column":9},"end":{"line":20,"column":103}},"type":"binary-expr","locations":[{"start":{"line":20,"column":9},"end":{"line":20,"column":25}},{"start":{"line":20,"column":30},"end":{"line":20,"column":47}},{"start":{"line":20,"column":51},"end":{"line":20,"column":64}},{"start":{"line":20,"column":68},"end":{"line":20,"column":102}}],"line":20}},"s":{"0":18,"1":18},"f":{"0":18},"b":{"0":[18,17,1,1]},"_coverageSchema":"1a1c01bbd47fc00a2c39e90264f33305004495a9","hash":"20e2c6d15fb03373f11452ad38304201ea78734a"}
,"C:\\Users\\LB_U7410\\git\\COMP.SE.200-Software-Testing-Assignment\\src\\isTypedArray.js": {"path":"C:\\Users\\LB_U7410\\git\\COMP.SE.200-Software-Testing-Assignment\\src\\isTypedArray.js","statementMap":{"0":{"start":{"line":6,"column":19},"end":{"line":6,"column":94}},"1":{"start":{"line":9,"column":25},"end":{"line":9,"column":60}},"2":{"start":{"line":26,"column":21},"end":{"line":28,"column":68}},"3":{"start":{"line":27,"column":15},"end":{"line":27,"column":38}},"4":{"start":{"line":28,"column":15},"end":{"line":28,"column":68}}},"fnMap":{"0":{"name":"(anonymous_0)","decl":{"start":{"line":27,"column":4},"end":{"line":27,"column":5}},"loc":{"start":{"line":27,"column":15},"end":{"line":27,"column":38}},"line":27},"1":{"name":"(anonymous_1)","decl":{"start":{"line":28,"column":4},"end":{"line":28,"column":5}},"loc":{"start":{"line":28,"column":15},"end":{"line":28,"column":68}},"line":28}},"branchMap":{"0":{"loc":{"start":{"line":9,"column":25},"end":{"line":9,"column":60}},"type":"binary-expr","locations":[{"start":{"line":9,"column":25},"end":{"line":9,"column":34}},{"start":{"line":9,"column":38},"end":{"line":9,"column":60}}],"line":9},"1":{"loc":{"start":{"line":26,"column":21},"end":{"line":28,"column":68}},"type":"cond-expr","locations":[{"start":{"line":27,"column":4},"end":{"line":27,"column":38}},{"start":{"line":28,"column":4},"end":{"line":28,"column":68}}],"line":26},"2":{"loc":{"start":{"line":28,"column":15},"end":{"line":28,"column":68}},"type":"binary-expr","locations":[{"start":{"line":28,"column":15},"end":{"line":28,"column":34}},{"start":{"line":28,"column":38},"end":{"line":28,"column":68}}],"line":28}},"s":{"0":1,"1":1,"2":1,"3":0,"4":0},"f":{"0":0,"1":0},"b":{"0":[1,1],"1":[1,0],"2":[0,0]},"_coverageSchema":"1a1c01bbd47fc00a2c39e90264f33305004495a9","hash":"aaca14c03d20f0263b2c25adf09e9e00a666c24a"}
,"C:\\Users\\LB_U7410\\git\\COMP.SE.200-Software-Testing-Assignment\\src\\memoize.js": {"path":"C:\\Users\\LB_U7410\\git\\COMP.SE.200-Software-Testing-Assignment\\src\\memoize.js","statementMap":{"0":{"start":{"line":44,"column":2},"end":{"line":46,"column":3}},"1":{"start":{"line":45,"column":4},"end":{"line":45,"column":46}},"2":{"start":{"line":47,"column":19},"end":{"line":57,"column":3}},"3":{"start":{"line":48,"column":16},"end":{"line":48,"column":63}},"4":{"start":{"line":49,"column":18},"end":{"line":49,"column":32}},"5":{"start":{"line":51,"column":4},"end":{"line":53,"column":5}},"6":{"start":{"line":52,"column":6},"end":{"line":52,"column":27}},"7":{"start":{"line":54,"column":19},"end":{"line":54,"column":41}},"8":{"start":{"line":55,"column":4},"end":{"line":55,"column":52}},"9":{"start":{"line":56,"column":4},"end":{"line":56,"column":17}},"10":{"start":{"line":58,"column":2},"end":{"line":58,"column":45}},"11":{"start":{"line":59,"column":2},"end":{"line":59,"column":17}},"12":{"start":{"line":62,"column":0},"end":{"line":62,"column":19}}},"fnMap":{"0":{"name":"memoize","decl":{"start":{"line":43,"column":9},"end":{"line":43,"column":16}},"loc":{"start":{"line":43,"column":33},"end":{"line":60,"column":1}},"line":43},"1":{"name":"(anonymous_1)","decl":{"start":{"line":47,"column":19},"end":{"line":47,"column":20}},"loc":{"start":{"line":47,"column":37},"end":{"line":57,"column":3}},"line":47}},"branchMap":{"0":{"loc":{"start":{"line":44,"column":2},"end":{"line":46,"column":3}},"type":"if","locations":[{"start":{"line":44,"column":2},"end":{"line":46,"column":3}},{"start":{},"end":{}}],"line":44},"1":{"loc":{"start":{"line":44,"column":6},"end":{"line":44,"column":88}},"type":"binary-expr","locations":[{"start":{"line":44,"column":6},"end":{"line":44,"column":32}},{"start":{"line":44,"column":37},"end":{"line":44,"column":53}},{"start":{"line":44,"column":57},"end":{"line":44,"column":87}}],"line":44},"2":{"loc":{"start":{"line":48,"column":16},"end":{"line":48,"column":63}},"type":"cond-expr","locations":[{"start":{"line":48,"column":27},"end":{"line":48,"column":53}},{"start":{"line":48,"column":56},"end":{"line":48,"column":63}}],"line":48},"3":{"loc":{"start":{"line":51,"column":4},"end":{"line":53,"column":5}},"type":"if","locations":[{"start":{"line":51,"column":4},"end":{"line":53,"column":5}},{"start":{},"end":{}}],"line":51},"4":{"loc":{"start":{"line":55,"column":21},"end":{"line":55,"column":52}},"type":"binary-expr","locations":[{"start":{"line":55,"column":21},"end":{"line":55,"column":43}},{"start":{"line":55,"column":47},"end":{"line":55,"column":52}}],"line":55},"5":{"loc":{"start":{"line":58,"column":24},"end":{"line":58,"column":44}},"type":"binary-expr","locations":[{"start":{"line":58,"column":24},"end":{"line":58,"column":37}},{"start":{"line":58,"column":41},"end":{"line":58,"column":44}}],"line":58}},"s":{"0":1,"1":0,"2":1,"3":0,"4":0,"5":0,"6":0,"7":0,"8":0,"9":0,"10":1,"11":1,"12":1},"f":{"0":1,"1":0},"b":{"0":[0,1],"1":[1,1,1],"2":[0,0],"3":[0,0],"4":[0,0],"5":[1,0]},"_coverageSchema":"1a1c01bbd47fc00a2c39e90264f33305004495a9","hash":"dae8af1caf23fb719beaea8a5e01e0ad2f233f08"}
,"C:\\Users\\LB_U7410\\git\\COMP.SE.200-Software-Testing-Assignment\\src\\toNumber.js": {"path":"C:\\Users\\LB_U7410\\git\\COMP.SE.200-Software-Testing-Assignment\\src\\toNumber.js","statementMap":{"0":{"start":{"line":5,"column":12},"end":{"line":5,"column":17}},"1":{"start":{"line":8,"column":15},"end":{"line":8,"column":27}},"2":{"start":{"line":11,"column":19},"end":{"line":11,"column":39}},"3":{"start":{"line":14,"column":19},"end":{"line":14,"column":31}},"4":{"start":{"line":17,"column":18},"end":{"line":17,"column":31}},"5":{"start":{"line":20,"column":21},"end":{"line":20,"column":29}},"6":{"start":{"line":45,"column":2},"end":{"line":47,"column":3}},"7":{"start":{"line":46,"column":4},"end":{"line":46,"column":16}},"8":{"start":{"line":48,"column":2},"end":{"line":50,"column":3}},"9":{"start":{"line":49,"column":4},"end":{"line":49,"column":14}},"10":{"start":{"line":51,"column":2},"end":{"line":54,"column":3}},"11":{"start":{"line":52,"column":18},"end":{"line":52,"column":79}},"12":{"start":{"line":53,"column":4},"end":{"line":53,"column":48}},"13":{"start":{"line":55,"column":2},"end":{"line":57,"column":3}},"14":{"start":{"line":56,"column":4},"end":{"line":56,"column":39}},"15":{"start":{"line":58,"column":2},"end":{"line":58,"column":35}},"16":{"start":{"line":59,"column":19},"end":{"line":59,"column":41}},"17":{"start":{"line":60,"column":2},"end":{"line":62,"column":45}}},"fnMap":{"0":{"name":"toNumber","decl":{"start":{"line":44,"column":9},"end":{"line":44,"column":17}},"loc":{"start":{"line":44,"column":25},"end":{"line":63,"column":1}},"line":44}},"branchMap":{"0":{"loc":{"start":{"line":45,"column":2},"end":{"line":47,"column":3}},"type":"if","locations":[{"start":{"line":45,"column":2},"end":{"line":47,"column":3}},{"start":{},"end":{}}],"line":45},"1":{"loc":{"start":{"line":48,"column":2},"end":{"line":50,"column":3}},"type":"if","locations":[{"start":{"line":48,"column":2},"end":{"line":50,"column":3}},{"start":{},"end":{}}],"line":48},"2":{"loc":{"start":{"line":51,"column":2},"end":{"line":54,"column":3}},"type":"if","locations":[{"start":{"line":51,"column":2},"end":{"line":54,"column":3}},{"start":{},"end":{}}],"line":51},"3":{"loc":{"start":{"line":52,"column":18},"end":{"line":52,"column":79}},"type":"cond-expr","locations":[{"start":{"line":52,"column":56},"end":{"line":52,"column":71}},{"start":{"line":52,"column":74},"end":{"line":52,"column":79}}],"line":52},"4":{"loc":{"start":{"line":53,"column":12},"end":{"line":53,"column":48}},"type":"cond-expr","locations":[{"start":{"line":53,"column":30},"end":{"line":53,"column":40}},{"start":{"line":53,"column":43},"end":{"line":53,"column":48}}],"line":53},"5":{"loc":{"start":{"line":55,"column":2},"end":{"line":57,"column":3}},"type":"if","locations":[{"start":{"line":55,"column":2},"end":{"line":57,"column":3}},{"start":{},"end":{}}],"line":55},"6":{"loc":{"start":{"line":56,"column":11},"end":{"line":56,"column":39}},"type":"cond-expr","locations":[{"start":{"line":56,"column":25},"end":{"line":56,"column":30}},{"start":{"line":56,"column":33},"end":{"line":56,"column":39}}],"line":56},"7":{"loc":{"start":{"line":60,"column":9},"end":{"line":62,"column":45}},"type":"cond-expr","locations":[{"start":{"line":61,"column":6},"end":{"line":61,"column":52}},{"start":{"line":62,"column":7},"end":{"line":62,"column":44}}],"line":60},"8":{"loc":{"start":{"line":60,"column":10},"end":{"line":60,"column":43}},"type":"binary-expr","locations":[{"start":{"line":60,"column":10},"end":{"line":60,"column":18}},{"start":{"line":60,"column":22},"end":{"line":60,"column":43}}],"line":60},"9":{"loc":{"start":{"line":61,"column":35},"end":{"line":61,"column":51}},"type":"cond-expr","locations":[{"start":{"line":61,"column":46},"end":{"line":61,"column":47}},{"start":{"line":61,"column":50},"end":{"line":61,"column":51}}],"line":61},"10":{"loc":{"start":{"line":62,"column":7},"end":{"line":62,"column":44}},"type":"cond-expr","locations":[{"start":{"line":62,"column":32},"end":{"line":62,"column":35}},{"start":{"line":62,"column":38},"end":{"line":62,"column":44}}],"line":62}},"s":{"0":1,"1":1,"2":1,"3":1,"4":1,"5":1,"6":20,"7":5,"8":15,"9":1,"10":14,"11":2,"12":2,"13":14,"14":1,"15":13,"16":13,"17":13},"f":{"0":20},"b":{"0":[5,15],"1":[1,14],"2":[2,12],"3":[2,0],"4":[1,1],"5":[1,13],"6":[0,1],"7":[1,12],"8":[13,12],"9":[1,0],"10":[0,12]},"_coverageSchema":"1a1c01bbd47fc00a2c39e90264f33305004495a9","hash":"f3636a5e74557513bb1170d55252350997934400"}
,"C:\\Users\\LB_U7410\\git\\COMP.SE.200-Software-Testing-Assignment\\src\\.internal\\baseGet.js": {"path":"C:\\Users\\LB_U7410\\git\\COMP.SE.200-Software-Testing-Assignment\\src\\.internal\\baseGet.js","statementMap":{"0":{"start":{"line":13,"column":2},"end":{"line":13,"column":31}},"1":{"start":{"line":15,"column":14},"end":{"line":15,"column":15}},"2":{"start":{"line":16,"column":17},"end":{"line":16,"column":28}},"3":{"start":{"line":18,"column":2},"end":{"line":20,"column":3}},"4":{"start":{"line":19,"column":4},"end":{"line":19,"column":41}},"5":{"start":{"line":21,"column":2},"end":{"line":21,"column":56}}},"fnMap":{"0":{"name":"baseGet","decl":{"start":{"line":12,"column":9},"end":{"line":12,"column":16}},"loc":{"start":{"line":12,"column":31},"end":{"line":22,"column":1}},"line":12}},"branchMap":{"0":{"loc":{"start":{"line":18,"column":9},"end":{"line":18,"column":41}},"type":"binary-expr","locations":[{"start":{"line":18,"column":9},"end":{"line":18,"column":23}},{"start":{"line":18,"column":27},"end":{"line":18,"column":41}}],"line":18},"1":{"loc":{"start":{"line":21,"column":9},"end":{"line":21,"column":56}},"type":"cond-expr","locations":[{"start":{"line":21,"column":38},"end":{"line":21,"column":44}},{"start":{"line":21,"column":47},"end":{"line":21,"column":56}}],"line":21},"2":{"loc":{"start":{"line":21,"column":10},"end":{"line":21,"column":34}},"type":"binary-expr","locations":[{"start":{"line":21,"column":10},"end":{"line":21,"column":15}},{"start":{"line":21,"column":19},"end":{"line":21,"column":34}}],"line":21}},"s":{"0":3,"1":3,"2":3,"3":3,"4":3,"5":3},"f":{"0":3},"b":{"0":[6,5],"1":[3,0],"2":[3,3]},"_coverageSchema":"1a1c01bbd47fc00a2c39e90264f33305004495a9","hash":"e9345bcb53c9e70c525e8d34f35acc2af4b996ce"}
,"C:\\Users\\LB_U7410\\git\\COMP.SE.200-Software-Testing-Assignment\\src\\.internal\\baseToNumber.js": {"path":"C:\\Users\\LB_U7410\\git\\COMP.SE.200-Software-Testing-Assignment\\src\\.internal\\baseToNumber.js","statementMap":{"0":{"start":{"line":4,"column":12},"end":{"line":4,"column":17}},"1":{"start":{"line":15,"column":2},"end":{"line":17,"column":3}},"2":{"start":{"line":16,"column":4},"end":{"line":16,"column":16}},"3":{"start":{"line":18,"column":2},"end":{"line":20,"column":3}},"4":{"start":{"line":19,"column":4},"end":{"line":19,"column":14}},"5":{"start":{"line":21,"column":2},"end":{"line":21,"column":15}}},"fnMap":{"0":{"name":"baseToNumber","decl":{"start":{"line":14,"column":9},"end":{"line":14,"column":21}},"loc":{"start":{"line":14,"column":29},"end":{"line":22,"column":1}},"line":14}},"branchMap":{"0":{"loc":{"start":{"line":15,"column":2},"end":{"line":17,"column":3}},"type":"if","locations":[{"start":{"line":15,"column":2},"end":{"line":17,"column":3}},{"start":{},"end":{}}],"line":15},"1":{"loc":{"start":{"line":18,"column":2},"end":{"line":20,"column":3}},"type":"if","locations":[{"start":{"line":18,"column":2},"end":{"line":20,"column":3}},{"start":{},"end":{}}],"line":18}},"s":{"0":2,"1":2,"2":2,"3":0,"4":0,"5":0},"f":{"0":2},"b":{"0":[2,0],"1":[0,0]},"_coverageSchema":"1a1c01bbd47fc00a2c39e90264f33305004495a9","hash":"4d0cc995c713dca38450f3b3c7ab4784dbd853c5"}
,"C:\\Users\\LB_U7410\\git\\COMP.SE.200-Software-Testing-Assignment\\src\\.internal\\baseToString.js": {"path":"C:\\Users\\LB_U7410\\git\\COMP.SE.200-Software-Testing-Assignment\\src\\.internal\\baseToString.js","statementMap":{"0":{"start":{"line":4,"column":17},"end":{"line":4,"column":22}},"1":{"start":{"line":7,"column":23},"end":{"line":7,"column":48}},"2":{"start":{"line":19,"column":2},"end":{"line":21,"column":3}},"3":{"start":{"line":20,"column":4},"end":{"line":20,"column":16}},"4":{"start":{"line":22,"column":2},"end":{"line":25,"column":3}},"5":{"start":{"line":24,"column":4},"end":{"line":24,"column":39}},"6":{"start":{"line":26,"column":2},"end":{"line":28,"column":3}},"7":{"start":{"line":27,"column":4},"end":{"line":27,"column":59}},"8":{"start":{"line":29,"column":17},"end":{"line":29,"column":27}},"9":{"start":{"line":30,"column":2},"end":{"line":30,"column":68}}},"fnMap":{"0":{"name":"baseToString","decl":{"start":{"line":17,"column":9},"end":{"line":17,"column":21}},"loc":{"start":{"line":17,"column":29},"end":{"line":31,"column":1}},"line":17}},"branchMap":{"0":{"loc":{"start":{"line":19,"column":2},"end":{"line":21,"column":3}},"type":"if","locations":[{"start":{"line":19,"column":2},"end":{"line":21,"column":3}},{"start":{},"end":{}}],"line":19},"1":{"loc":{"start":{"line":22,"column":2},"end":{"line":25,"column":3}},"type":"if","locations":[{"start":{"line":22,"column":2},"end":{"line":25,"column":3}},{"start":{},"end":{}}],"line":22},"2":{"loc":{"start":{"line":26,"column":2},"end":{"line":28,"column":3}},"type":"if","locations":[{"start":{"line":26,"column":2},"end":{"line":28,"column":3}},{"start":{},"end":{}}],"line":26},"3":{"loc":{"start":{"line":27,"column":11},"end":{"line":27,"column":59}},"type":"cond-expr","locations":[{"start":{"line":27,"column":28},"end":{"line":27,"column":54}},{"start":{"line":27,"column":57},"end":{"line":27,"column":59}}],"line":27},"4":{"loc":{"start":{"line":30,"column":9},"end":{"line":30,"column":68}},"type":"cond-expr","locations":[{"start":{"line":30,"column":55},"end":{"line":30,"column":59}},{"start":{"line":30,"column":62},"end":{"line":30,"column":68}}],"line":30},"5":{"loc":{"start":{"line":30,"column":10},"end":{"line":30,"column":51}},"type":"binary-expr","locations":[{"start":{"line":30,"column":10},"end":{"line":30,"column":23}},{"start":{"line":30,"column":27},"end":{"line":30,"column":51}}],"line":30}},"s":{"0":2,"1":2,"2":2,"3":2,"4":0,"5":0,"6":0,"7":0,"8":0,"9":0},"f":{"0":2},"b":{"0":[2,0],"1":[0,0],"2":[0,0],"3":[0,0],"4":[0,0],"5":[0,0]},"_coverageSchema":"1a1c01bbd47fc00a2c39e90264f33305004495a9","hash":"6f6d3404d0d2fdb8196922453f303549c22d6112"}
,"C:\\Users\\LB_U7410\\git\\COMP.SE.200-Software-Testing-Assignment\\src\\.internal\\castPath.js": {"path":"C:\\Users\\LB_U7410\\git\\COMP.SE.200-Software-Testing-Assignment\\src\\.internal\\castPath.js","statementMap":{"0":{"start":{"line":13,"column":2},"end":{"line":15,"column":3}},"1":{"start":{"line":14,"column":4},"end":{"line":14,"column":16}},"2":{"start":{"line":16,"column":2},"end":{"line":16,"column":61}}},"fnMap":{"0":{"name":"castPath","decl":{"start":{"line":12,"column":9},"end":{"line":12,"column":17}},"loc":{"start":{"line":12,"column":33},"end":{"line":17,"column":1}},"line":12}},"branchMap":{"0":{"loc":{"start":{"line":13,"column":2},"end":{"line":15,"column":3}},"type":"if","locations":[{"start":{"line":13,"column":2},"end":{"line":15,"column":3}},{"start":{},"end":{}}],"line":13},"1":{"loc":{"start":{"line":16,"column":9},"end":{"line":16,"column":61}},"type":"cond-expr","locations":[{"start":{"line":16,"column":32},"end":{"line":16,"column":39}},{"start":{"line":16,"column":42},"end":{"line":16,"column":61}}],"line":16}},"s":{"0":3,"1":0,"2":3},"f":{"0":3},"b":{"0":[0,3],"1":[3,0]},"_coverageSchema":"1a1c01bbd47fc00a2c39e90264f33305004495a9","hash":"de5d837b87226dba9bc2674cb923697816f9bb3e"}
,"C:\\Users\\LB_U7410\\git\\COMP.SE.200-Software-Testing-Assignment\\src\\.internal\\createMathOperation.js": {"path":"C:\\Users\\LB_U7410\\git\\COMP.SE.200-Software-Testing-Assignment\\src\\.internal\\createMathOperation.js","statementMap":{"0":{"start":{"line":13,"column":2},"end":{"line":32,"column":3}},"1":{"start":{"line":14,"column":4},"end":{"line":16,"column":5}},"2":{"start":{"line":15,"column":6},"end":{"line":15,"column":25}},"3":{"start":{"line":17,"column":4},"end":{"line":19,"column":5}},"4":{"start":{"line":18,"column":6},"end":{"line":18,"column":18}},"5":{"start":{"line":20,"column":4},"end":{"line":22,"column":5}},"6":{"start":{"line":21,"column":6},"end":{"line":21,"column":18}},"7":{"start":{"line":23,"column":4},"end":{"line":30,"column":5}},"8":{"start":{"line":24,"column":6},"end":{"line":24,"column":33}},"9":{"start":{"line":25,"column":6},"end":{"line":25,"column":33}},"10":{"start":{"line":28,"column":6},"end":{"line":28,"column":33}},"11":{"start":{"line":29,"column":6},"end":{"line":29,"column":33}},"12":{"start":{"line":31,"column":4},"end":{"line":31,"column":33}}},"fnMap":{"0":{"name":"createMathOperation","decl":{"start":{"line":12,"column":9},"end":{"line":12,"column":28}},"loc":{"start":{"line":12,"column":53},"end":{"line":33,"column":1}},"line":12},"1":{"name":"(anonymous_1)","decl":{"start":{"line":13,"column":9},"end":{"line":13,"column":10}},"loc":{"start":{"line":13,"column":27},"end":{"line":32,"column":3}},"line":13}},"branchMap":{"0":{"loc":{"start":{"line":14,"column":4},"end":{"line":16,"column":5}},"type":"if","locations":[{"start":{"line":14,"column":4},"end":{"line":16,"column":5}},{"start":{},"end":{}}],"line":14},"1":{"loc":{"start":{"line":14,"column":8},"end":{"line":14,"column":50}},"type":"binary-expr","locations":[{"start":{"line":14,"column":8},"end":{"line":14,"column":27}},{"start":{"line":14,"column":31},"end":{"line":14,"column":50}}],"line":14},"2":{"loc":{"start":{"line":17,"column":4},"end":{"line":19,"column":5}},"type":"if","locations":[{"start":{"line":17,"column":4},"end":{"line":19,"column":5}},{"start":{},"end":{}}],"line":17},"3":{"loc":{"start":{"line":17,"column":8},"end":{"line":17,"column":50}},"type":"binary-expr","locations":[{"start":{"line":17,"column":8},"end":{"line":17,"column":27}},{"start":{"line":17,"column":31},"end":{"line":17,"column":50}}],"line":17},"4":{"loc":{"start":{"line":20,"column":4},"end":{"line":22,"column":5}},"type":"if","locations":[{"start":{"line":20,"column":4},"end":{"line":22,"column":5}},{"start":{},"end":{}}],"line":20},"5":{"loc":{"start":{"line":20,"column":8},"end":{"line":20,"column":50}},"type":"binary-expr","locations":[{"start":{"line":20,"column":8},"end":{"line":20,"column":27}},{"start":{"line":20,"column":31},"end":{"line":20,"column":50}}],"line":20},"6":{"loc":{"start":{"line":23,"column":4},"end":{"line":30,"column":5}},"type":"if","locations":[{"start":{"line":23,"column":4},"end":{"line":30,"column":5}},{"start":{"line":27,"column":9},"end":{"line":30,"column":5}}],"line":23},"7":{"loc":{"start":{"line":23,"column":8},"end":{"line":23,"column":62}},"type":"binary-expr","locations":[{"start":{"line":23,"column":8},"end":{"line":23,"column":33}},{"start":{"line":23,"column":37},"end":{"line":23,"column":62}}],"line":23}},"s":{"0":2,"1":5,"2":1,"3":4,"4":1,"5":3,"6":1,"7":2,"8":1,"9":1,"10":1,"11":1,"12":2},"f":{"0":2,"1":5},"b":{"0":[1,4],"1":[5,2],"2":[1,3],"3":[4,3],"4":[1,2],"5":[3,3],"6":[1,1],"7":[2,1]},"_coverageSchema":"1a1c01bbd47fc00a2c39e90264f33305004495a9","hash":"56380554bb778c9b518892cacbf3dce98da3e273"}
,"C:\\Users\\LB_U7410\\git\\COMP.SE.200-Software-Testing-Assignment\\src\\.internal\\freeGlobal.js": {"path":"C:\\Users\\LB_U7410\\git\\COMP.SE.200-Software-Testing-Assignment\\src\\.internal\\freeGlobal.js","statementMap":{"0":{"start":{"line":2,"column":19},"end":{"line":2,"column":102}}},"fnMap":{},"branchMap":{"0":{"loc":{"start":{"line":2,"column":19},"end":{"line":2,"column":102}},"type":"binary-expr","locations":[{"start":{"line":2,"column":19},"end":{"line":2,"column":45}},{"start":{"line":2,"column":49},"end":{"line":2,"column":64}},{"start":{"line":2,"column":68},"end":{"line":2,"column":92}},{"start":{"line":2,"column":96},"end":{"line":2,"column":102}}],"line":2}},"s":{"0":1},"f":{},"b":{"0":[1,1,1,1]},"_coverageSchema":"1a1c01bbd47fc00a2c39e90264f33305004495a9","hash":"8d83e2444775df34085ad1c0008a7c6b52118f6a"}
,"C:\\Users\\LB_U7410\\git\\COMP.SE.200-Software-Testing-Assignment\\src\\.internal\\getTag.js": {"path":"C:\\Users\\LB_U7410\\git\\COMP.SE.200-Software-Testing-Assignment\\src\\.internal\\getTag.js","statementMap":{"0":{"start":{"line":1,"column":17},"end":{"line":1,"column":42}},"1":{"start":{"line":11,"column":2},"end":{"line":13,"column":3}},"2":{"start":{"line":12,"column":4},"end":{"line":12,"column":71}},"3":{"start":{"line":14,"column":2},"end":{"line":14,"column":29}}},"fnMap":{"0":{"name":"getTag","decl":{"start":{"line":10,"column":9},"end":{"line":10,"column":15}},"loc":{"start":{"line":10,"column":23},"end":{"line":15,"column":1}},"line":10}},"branchMap":{"0":{"loc":{"start":{"line":11,"column":2},"end":{"line":13,"column":3}},"type":"if","locations":[{"start":{"line":11,"column":2},"end":{"line":13,"column":3}},{"start":{},"end":{}}],"line":11},"1":{"loc":{"start":{"line":12,"column":11},"end":{"line":12,"column":71}},"type":"cond-expr","locations":[{"start":{"line":12,"column":33},"end":{"line":12,"column":53}},{"start":{"line":12,"column":56},"end":{"line":12,"column":71}}],"line":12}},"s":{"0":4,"1":6,"2":0,"3":6},"f":{"0":6},"b":{"0":[0,6],"1":[0,0]},"_coverageSchema":"1a1c01bbd47fc00a2c39e90264f33305004495a9","hash":"f270a231f53692672b35f87f9eebe78765dd9d86"}
,"C:\\Users\\LB_U7410\\git\\COMP.SE.200-Software-Testing-Assignment\\src\\.internal\\isKey.js": {"path":"C:\\Users\\LB_U7410\\git\\COMP.SE.200-Software-Testing-Assignment\\src\\.internal\\isKey.js","statementMap":{"0":{"start":{"line":4,"column":21},"end":{"line":4,"column":71}},"1":{"start":{"line":5,"column":22},"end":{"line":5,"column":29}},"2":{"start":{"line":16,"column":2},"end":{"line":18,"column":3}},"3":{"start":{"line":17,"column":4},"end":{"line":17,"column":16}},"4":{"start":{"line":19,"column":15},"end":{"line":19,"column":27}},"5":{"start":{"line":20,"column":2},"end":{"line":22,"column":3}},"6":{"start":{"line":21,"column":4},"end":{"line":21,"column":15}},"7":{"start":{"line":23,"column":2},"end":{"line":24,"column":47}}},"fnMap":{"0":{"name":"isKey","decl":{"start":{"line":15,"column":9},"end":{"line":15,"column":14}},"loc":{"start":{"line":15,"column":30},"end":{"line":25,"column":1}},"line":15}},"branchMap":{"0":{"loc":{"start":{"line":16,"column":2},"end":{"line":18,"column":3}},"type":"if","locations":[{"start":{"line":16,"column":2},"end":{"line":18,"column":3}},{"start":{},"end":{}}],"line":16},"1":{"loc":{"start":{"line":20,"column":2},"end":{"line":22,"column":3}},"type":"if","locations":[{"start":{"line":20,"column":2},"end":{"line":22,"column":3}},{"start":{},"end":{}}],"line":20},"2":{"loc":{"start":{"line":20,"column":6},"end":{"line":20,"column":81}},"type":"binary-expr","locations":[{"start":{"line":20,"column":6},"end":{"line":20,"column":23}},{"start":{"line":20,"column":27},"end":{"line":20,"column":45}},{"start":{"line":20,"column":49},"end":{"line":20,"column":62}},{"start":{"line":20,"column":66},"end":{"line":20,"column":81}}],"line":20},"3":{"loc":{"start":{"line":23,"column":9},"end":{"line":24,"column":47}},"type":"binary-expr","locations":[{"start":{"line":23,"column":9},"end":{"line":23,"column":34}},{"start":{"line":23,"column":38},"end":{"line":23,"column":63}},{"start":{"line":24,"column":5},"end":{"line":24,"column":19}},{"start":{"line":24,"column":23},"end":{"line":24,"column":46}}],"line":23}},"s":{"0":1,"1":1,"2":3,"3":0,"4":3,"5":3,"6":3,"7":0},"f":{"0":3},"b":{"0":[0,3],"1":[3,0],"2":[3,1,1,0],"3":[0,0,0,0]},"_coverageSchema":"1a1c01bbd47fc00a2c39e90264f33305004495a9","hash":"3d3074ccc7fe479a2da048ca56f066d7797ed2eb"}
,"C:\\Users\\LB_U7410\\git\\COMP.SE.200-Software-Testing-Assignment\\src\\.internal\\isPrototype.js": {"path":"C:\\Users\\LB_U7410\\git\\COMP.SE.200-Software-Testing-Assignment\\src\\.internal\\isPrototype.js","statementMap":{"0":{"start":{"line":2,"column":20},"end":{"line":2,"column":36}},"1":{"start":{"line":12,"column":15},"end":{"line":12,"column":41}},"2":{"start":{"line":13,"column":16},"end":{"line":13,"column":77}},"3":{"start":{"line":15,"column":2},"end":{"line":15,"column":24}}},"fnMap":{"0":{"name":"isPrototype","decl":{"start":{"line":11,"column":9},"end":{"line":11,"column":20}},"loc":{"start":{"line":11,"column":28},"end":{"line":16,"column":1}},"line":11}},"branchMap":{"0":{"loc":{"start":{"line":12,"column":15},"end":{"line":12,"column":41}},"type":"binary-expr","locations":[{"start":{"line":12,"column":15},"end":{"line":12,"column":20}},{"start":{"line":12,"column":24},"end":{"line":12,"column":41}}],"line":12},"1":{"loc":{"start":{"line":13,"column":16},"end":{"line":13,"column":77}},"type":"binary-expr","locations":[{"start":{"line":13,"column":17},"end":{"line":13,"column":43}},{"start":{"line":13,"column":47},"end":{"line":13,"column":61}},{"start":{"line":13,"column":66},"end":{"line":13,"column":77}}],"line":13}},"s":{"0":1,"1":4,"2":4,"3":4},"f":{"0":4},"b":{"0":[4,3],"1":[4,3,1]},"_coverageSchema":"1a1c01bbd47fc00a2c39e90264f33305004495a9","hash":"ca999ab70fc50374a3baf7015c03e809d1cd5501"}
,"C:\\Users\\LB_U7410\\git\\COMP.SE.200-Software-Testing-Assignment\\src\\.internal\\memoizeCapped.js": {"path":"C:\\Users\\LB_U7410\\git\\COMP.SE.200-Software-Testing-Assignment\\src\\.internal\\memoizeCapped.js","statementMap":{"0":{"start":{"line":4,"column":25},"end":{"line":4,"column":28}},"1":{"start":{"line":15,"column":17},"end":{"line":21,"column":4}},"2":{"start":{"line":16,"column":22},"end":{"line":16,"column":28}},"3":{"start":{"line":17,"column":4},"end":{"line":19,"column":5}},"4":{"start":{"line":18,"column":6},"end":{"line":18,"column":19}},"5":{"start":{"line":20,"column":4},"end":{"line":20,"column":14}},"6":{"start":{"line":23,"column":2},"end":{"line":23,"column":15}}},"fnMap":{"0":{"name":"memoizeCapped","decl":{"start":{"line":14,"column":9},"end":{"line":14,"column":22}},"loc":{"start":{"line":14,"column":29},"end":{"line":24,"column":1}},"line":14},"1":{"name":"(anonymous_1)","decl":{"start":{"line":15,"column":31},"end":{"line":15,"column":32}},"loc":{"start":{"line":15,"column":40},"end":{"line":21,"column":3}},"line":15}},"branchMap":{"0":{"loc":{"start":{"line":17,"column":4},"end":{"line":19,"column":5}},"type":"if","locations":[{"start":{"line":17,"column":4},"end":{"line":19,"column":5}},{"start":{},"end":{}}],"line":17}},"s":{"0":1,"1":1,"2":0,"3":0,"4":0,"5":0,"6":1},"f":{"0":1,"1":0},"b":{"0":[0,0]},"_coverageSchema":"1a1c01bbd47fc00a2c39e90264f33305004495a9","hash":"af5e57e863857c99f88a8b783b9e427d1fcac415"}
,"C:\\Users\\LB_U7410\\git\\COMP.SE.200-Software-Testing-Assignment\\src\\.internal\\nodeTypes.js": {"path":"C:\\Users\\LB_U7410\\git\\COMP.SE.200-Software-Testing-Assignment\\src\\.internal\\nodeTypes.js","statementMap":{"0":{"start":{"line":4,"column":20},"end":{"line":4,"column":99}},"1":{"start":{"line":7,"column":19},"end":{"line":7,"column":109}},"2":{"start":{"line":10,"column":22},"end":{"line":10,"column":70}},"3":{"start":{"line":13,"column":20},"end":{"line":13,"column":55}},"4":{"start":{"line":16,"column":19},"end":{"line":26,"column":4}},"5":{"start":{"line":17,"column":2},"end":{"line":25,"column":16}},"6":{"start":{"line":20,"column":24},"end":{"line":20,"column":92}},"7":{"start":{"line":21,"column":4},"end":{"line":24,"column":73}}},"fnMap":{"0":{"name":"(anonymous_0)","decl":{"start":{"line":16,"column":20},"end":{"line":16,"column":21}},"loc":{"start":{"line":16,"column":26},"end":{"line":26,"column":1}},"line":16}},"branchMap":{"0":{"loc":{"start":{"line":4,"column":20},"end":{"line":4,"column":99}},"type":"binary-expr","locations":[{"start":{"line":4,"column":20},"end":{"line":4,"column":47}},{"start":{"line":4,"column":51},"end":{"line":4,"column":67}},{"start":{"line":4,"column":71},"end":{"line":4,"column":88}},{"start":{"line":4,"column":92},"end":{"line":4,"column":99}}],"line":4},"1":{"loc":{"start":{"line":7,"column":19},"end":{"line":7,"column":109}},"type":"binary-expr","locations":[{"start":{"line":7,"column":19},"end":{"line":7,"column":30}},{"start":{"line":7,"column":34},"end":{"line":7,"column":60}},{"start":{"line":7,"column":64},"end":{"line":7,"column":79}},{"start":{"line":7,"column":83},"end":{"line":7,"column":99}},{"start":{"line":7,"column":103},"end":{"line":7,"column":109}}],"line":7},"2":{"loc":{"start":{"line":10,"column":22},"end":{"line":10,"column":70}},"type":"binary-expr","locations":[{"start":{"line":10,"column":22},"end":{"line":10,"column":32}},{"start":{"line":10,"column":36},"end":{"line":10,"column":70}}],"line":10},"3":{"loc":{"start":{"line":13,"column":20},"end":{"line":13,"column":55}},"type":"binary-expr","locations":[{"start":{"line":13,"column":20},"end":{"line":13,"column":33}},{"start":{"line":13,"column":37},"end":{"line":13,"column":55}}],"line":13},"4":{"loc":{"start":{"line":20,"column":24},"end":{"line":20,"column":92}},"type":"binary-expr","locations":[{"start":{"line":20,"column":24},"end":{"line":20,"column":34}},{"start":{"line":20,"column":38},"end":{"line":20,"column":56}},{"start":{"line":20,"column":60},"end":{"line":20,"column":92}}],"line":20},"5":{"loc":{"start":{"line":21,"column":11},"end":{"line":24,"column":73}},"type":"cond-expr","locations":[{"start":{"line":22,"column":8},"end":{"line":22,"column":19}},{"start":{"line":24,"column":8},"end":{"line":24,"column":73}}],"line":21},"6":{"loc":{"start":{"line":24,"column":8},"end":{"line":24,"column":73}},"type":"binary-expr","locations":[{"start":{"line":24,"column":8},"end":{"line":24,"column":19}},{"start":{"line":24,"column":23},"end":{"line":24,"column":42}},{"start":{"line":24,"column":46},"end":{"line":24,"column":73}}],"line":24}},"s":{"0":1,"1":1,"2":1,"3":1,"4":1,"5":1,"6":1,"7":1},"f":{"0":1},"b":{"0":[1,1,1,1],"1":[1,1,1,1,1],"2":[1,1],"3":[1,1],"4":[1,1,1],"5":[1,0],"6":[0,0,0]},"_coverageSchema":"1a1c01bbd47fc00a2c39e90264f33305004495a9","hash":"3f2b536bd7020a4eeeb0320a3af7c633afe34e7d"}
,"C:\\Users\\LB_U7410\\git\\COMP.SE.200-Software-Testing-Assignment\\src\\.internal\\root.js": {"path":"C:\\Users\\LB_U7410\\git\\COMP.SE.200-Software-Testing-Assignment\\src\\.internal\\root.js","statementMap":{"0":{"start":{"line":5,"column":23},"end":{"line":5,"column":121}},"1":{"start":{"line":8,"column":17},"end":{"line":8,"column":92}},"2":{"start":{"line":11,"column":13},"end":{"line":11,"column":82}}},"fnMap":{},"branchMap":{"0":{"loc":{"start":{"line":5,"column":23},"end":{"line":5,"column":121}},"type":"binary-expr","locations":[{"start":{"line":5,"column":23},"end":{"line":5,"column":53}},{"start":{"line":5,"column":57},"end":{"line":5,"column":76}},{"start":{"line":5,"column":80},"end":{"line":5,"column":107}},{"start":{"line":5,"column":111},"end":{"line":5,"column":121}}],"line":5},"1":{"loc":{"start":{"line":8,"column":17},"end":{"line":8,"column":92}},"type":"binary-expr","locations":[{"start":{"line":8,"column":17},"end":{"line":8,"column":41}},{"start":{"line":8,"column":45},"end":{"line":8,"column":58}},{"start":{"line":8,"column":62},"end":{"line":8,"column":84}},{"start":{"line":8,"column":88},"end":{"line":8,"column":92}}],"line":8},"2":{"loc":{"start":{"line":11,"column":13},"end":{"line":11,"column":82}},"type":"binary-expr","locations":[{"start":{"line":11,"column":13},"end":{"line":11,"column":27}},{"start":{"line":11,"column":31},"end":{"line":11,"column":41}},{"start":{"line":11,"column":45},"end":{"line":11,"column":53}},{"start":{"line":11,"column":57},"end":{"line":11,"column":82}}],"line":11}},"s":{"0":1,"1":1,"2":1},"f":{},"b":{"0":[1,1,1,1],"1":[1,0,0,0],"2":[1,0,0,0]},"_coverageSchema":"1a1c01bbd47fc00a2c39e90264f33305004495a9","hash":"af426b4b371d1d86437113074ca0267c5c36da75"}
,"C:\\Users\\LB_U7410\\git\\COMP.SE.200-Software-Testing-Assignment\\src\\.internal\\stringToPath.js": {"path":"C:\\Users\\LB_U7410\\git\\COMP.SE.200-Software-Testing-Assignment\\src\\.internal\\stringToPath.js","statementMap":{"0":{"start":{"line":3,"column":22},"end":{"line":3,"column":39}},"1":{"start":{"line":4,"column":21},"end":{"line":4,"column":31}},"2":{"start":{"line":5,"column":19},"end":{"line":17,"column":8}},"3":{"start":{"line":26,"column":21},"end":{"line":42,"column":2}},"4":{"start":{"line":27,"column":17},"end":{"line":27,"column":19}},"5":{"start":{"line":28,"column":2},"end":{"line":30,"column":3}},"6":{"start":{"line":29,"column":4},"end":{"line":29,"column":19}},"7":{"start":{"line":31,"column":2},"end":{"line":40,"column":4}},"8":{"start":{"line":32,"column":14},"end":{"line":32,"column":19}},"9":{"start":{"line":33,"column":4},"end":{"line":38,"column":5}},"10":{"start":{"line":34,"column":6},"end":{"line":34,"column":49}},"11":{"start":{"line":36,"column":9},"end":{"line":38,"column":5}},"12":{"start":{"line":37,"column":6},"end":{"line":37,"column":29}},"13":{"start":{"line":39,"column":4},"end":{"line":39,"column":20}},"14":{"start":{"line":41,"column":2},"end":{"line":41,"column":15}}},"fnMap":{"0":{"name":"(anonymous_0)","decl":{"start":{"line":26,"column":35},"end":{"line":26,"column":36}},"loc":{"start":{"line":26,"column":47},"end":{"line":42,"column":1}},"line":26},"1":{"name":"(anonymous_1)","decl":{"start":{"line":31,"column":29},"end":{"line":31,"column":30}},"loc":{"start":{"line":31,"column":70},"end":{"line":40,"column":3}},"line":31}},"branchMap":{"0":{"loc":{"start":{"line":28,"column":2},"end":{"line":30,"column":3}},"type":"if","locations":[{"start":{"line":28,"column":2},"end":{"line":30,"column":3}},{"start":{},"end":{}}],"line":28},"1":{"loc":{"start":{"line":33,"column":4},"end":{"line":38,"column":5}},"type":"if","locations":[{"start":{"line":33,"column":4},"end":{"line":38,"column":5}},{"start":{"line":36,"column":9},"end":{"line":38,"column":5}}],"line":33},"2":{"loc":{"start":{"line":36,"column":9},"end":{"line":38,"column":5}},"type":"if","locations":[{"start":{"line":36,"column":9},"end":{"line":38,"column":5}},{"start":{},"end":{}}],"line":36}},"s":{"0":1,"1":1,"2":1,"3":1,"4":0,"5":0,"6":0,"7":0,"8":0,"9":0,"10":0,"11":0,"12":0,"13":0,"14":0},"f":{"0":0,"1":0},"b":{"0":[0,0],"1":[0,0],"2":[0,0]},"_coverageSchema":"1a1c01bbd47fc00a2c39e90264f33305004495a9","hash":"240a72561114a232acc90f770c931054dec337f9"}
,"C:\\Users\\LB_U7410\\git\\COMP.SE.200-Software-Testing-Assignment\\src\\.internal\\toKey.js": {"path":"C:\\Users\\LB_U7410\\git\\COMP.SE.200-Software-Testing-Assignment\\src\\.internal\\toKey.js","statementMap":{"0":{"start":{"line":4,"column":17},"end":{"line":4,"column":22}},"1":{"start":{"line":14,"column":2},"end":{"line":16,"column":3}},"2":{"start":{"line":15,"column":4},"end":{"line":15,"column":16}},"3":{"start":{"line":17,"column":17},"end":{"line":17,"column":27}},"4":{"start":{"line":18,"column":2},"end":{"line":18,"column":68}}},"fnMap":{"0":{"name":"toKey","decl":{"start":{"line":13,"column":9},"end":{"line":13,"column":14}},"loc":{"start":{"line":13,"column":22},"end":{"line":19,"column":1}},"line":13}},"branchMap":{"0":{"loc":{"start":{"line":14,"column":2},"end":{"line":16,"column":3}},"type":"if","locations":[{"start":{"line":14,"column":2},"end":{"line":16,"column":3}},{"start":{},"end":{}}],"line":14},"1":{"loc":{"start":{"line":14,"column":6},"end":{"line":14,"column":50}},"type":"binary-expr","locations":[{"start":{"line":14,"column":6},"end":{"line":14,"column":31}},{"start":{"line":14,"column":35},"end":{"line":14,"column":50}}],"line":14},"2":{"loc":{"start":{"line":18,"column":9},"end":{"line":18,"column":68}},"type":"cond-expr","locations":[{"start":{"line":18,"column":55},"end":{"line":18,"column":59}},{"start":{"line":18,"column":62},"end":{"line":18,"column":68}}],"line":18},"3":{"loc":{"start":{"line":18,"column":10},"end":{"line":18,"column":51}},"type":"binary-expr","locations":[{"start":{"line":18,"column":10},"end":{"line":18,"column":23}},{"start":{"line":18,"column":27},"end":{"line":18,"column":51}}],"line":18}},"s":{"0":1,"1":3,"2":0,"3":3,"4":3},"f":{"0":3},"b":{"0":[0,3],"1":[3,3],"2":[0,3],"3":[3,2]},"_coverageSchema":"1a1c01bbd47fc00a2c39e90264f33305004495a9","hash":"d776d27afe24b770bd2c66d5d55282bfa7709695"}
}
