TN:
SF:src\add.js
FN:16,(anonymous_0)
FNF:1
FNH:1
FNDA:2,(anonymous_0)
DA:16,2
LF:1
LH:1
BRF:0
BRH:0
end_of_record
TN:
SF:src\castArray.js
FN:33,castArray
FNF:1
FNH:1
FNDA:4,castArray
DA:34,4
DA:35,4
LF:2
LH:2
BRDA:35,0,0,1
BRDA:35,0,1,3
BRF:2
BRH:2
end_of_record
TN:
SF:src\get.js
FN:27,get
FNF:1
FNH:1
FNDA:4,get
DA:28,4
DA:29,4
LF:2
LH:2
BRDA:28,0,0,1
BRDA:28,0,1,3
BRDA:29,1,0,2
BRDA:29,1,1,2
BRF:4
BRH:4
end_of_record
TN:
SF:src\isArguments.js
FN:19,isArguments
FNF:1
FNH:0
FNDA:0,isArguments
DA:20,0
LF:1
LH:0
BRDA:20,0,0,0
BRDA:20,0,1,0
BRF:2
BRH:0
end_of_record
TN:
SF:src\isArrayLike.js
FN:26,isArrayLike
FNF:1
FNH:1
FNDA:7,isArrayLike
DA:27,7
LF:1
LH:1
BRDA:27,0,0,7
BRDA:27,0,1,7
BRDA:27,0,2,7
BRF:3
BRH:3
end_of_record
TN:
SF:src\isBuffer.js
FN:33,(anonymous_0)
FNF:1
FNH:0
FNDA:0,(anonymous_0)
DA:4,1
DA:7,1
DA:10,1
DA:13,1
DA:16,1
DA:33,1
LF:6
LH:6
BRDA:4,0,0,1
BRDA:4,0,1,1
BRDA:4,0,2,1
BRDA:4,0,3,1
BRDA:7,1,0,1
BRDA:7,1,1,1
BRDA:7,1,2,1
BRDA:7,1,3,1
BRDA:7,1,4,1
BRDA:10,2,0,1
BRDA:10,2,1,1
BRDA:13,3,0,1
BRDA:13,3,1,0
BRDA:16,4,0,1
BRDA:16,4,1,0
BRDA:33,5,0,1
BRDA:33,5,1,0
BRF:17
BRH:14
end_of_record
TN:
SF:src\isEmpty.js
FN:45,isEmpty
FNF:1
FNH:1
FNDA:8,isEmpty
DA:9,1
DA:46,8
DA:47,1
DA:49,7
DA:52,2
DA:54,5
DA:55,5
DA:56,1
DA:58,4
DA:59,0
DA:61,4
DA:62,4
DA:63,2
DA:66,2
LF:14
LH:13
BRDA:46,0,0,1
BRDA:46,0,1,7
BRDA:49,1,0,2
BRDA:49,1,1,5
BRDA:49,2,0,7
BRDA:49,2,1,2
BRDA:49,2,2,1
BRDA:49,2,3,0
BRDA:49,2,4,0
BRDA:49,2,5,0
BRDA:49,2,6,0
BRDA:55,3,0,1
BRDA:55,3,1,4
BRDA:55,4,0,5
BRDA:55,4,1,4
BRDA:58,5,0,0
BRDA:58,5,1,4
BRDA:62,6,0,2
BRDA:62,6,1,2
BRF:19
BRH:14
end_of_record
TN:
SF:src\isLength.js
FN:28,isLength
FNF:1
FNH:1
FNDA:7,isLength
DA:2,1
DA:29,7
LF:2
LH:2
BRDA:29,0,0,7
BRDA:29,0,1,2
BRDA:29,0,2,2
BRDA:29,0,3,2
BRF:4
BRH:4
end_of_record
TN:
SF:src\isObject.js
FN:24,isObject
FNF:1
FNH:1
FNDA:16,isObject
DA:25,16
DA:26,16
LF:2
LH:2
BRDA:26,0,0,16
BRDA:26,0,1,15
BRDA:26,0,2,14
BRF:3
BRH:3
end_of_record
TN:
SF:src\isObjectLike.js
FN:23,isObjectLike
FNF:1
FNH:0
FNDA:0,isObjectLike
DA:24,0
LF:1
LH:0
BRDA:24,0,0,0
BRDA:24,0,1,0
BRF:2
BRH:0
end_of_record
TN:
SF:src\isSymbol.js
FN:18,isSymbol
FNF:1
FNH:1
FNDA:18,isSymbol
DA:19,18
DA:20,18
LF:2
LH:2
BRDA:20,0,0,18
BRDA:20,0,1,17
BRDA:20,0,2,1
BRDA:20,0,3,1
BRF:4
BRH:4
end_of_record
TN:
SF:src\isTypedArray.js
FN:27,(anonymous_0)
FN:28,(anonymous_1)
FNF:2
FNH:0
FNDA:0,(anonymous_0)
FNDA:0,(anonymous_1)
DA:6,1
DA:9,1
DA:26,1
DA:27,0
DA:28,0
LF:5
LH:3
BRDA:9,0,0,1
BRDA:9,0,1,1
BRDA:26,1,0,1
BRDA:26,1,1,0
BRDA:28,2,0,0
BRDA:28,2,1,0
BRF:6
BRH:3
end_of_record
TN:
SF:src\memoize.js
FN:43,memoize
FN:47,(anonymous_1)
FNF:2
FNH:1
FNDA:1,memoize
FNDA:0,(anonymous_1)
DA:44,1
DA:45,0
DA:47,1
DA:48,0
DA:49,0
DA:51,0
DA:52,0
DA:54,0
DA:55,0
DA:56,0
DA:58,1
DA:59,1
DA:62,1
LF:13
LH:5
BRDA:44,0,0,0
BRDA:44,0,1,1
BRDA:44,1,0,1
BRDA:44,1,1,1
BRDA:44,1,2,1
BRDA:48,2,0,0
BRDA:48,2,1,0
BRDA:51,3,0,0
BRDA:51,3,1,0
BRDA:55,4,0,0
BRDA:55,4,1,0
BRDA:58,5,0,1
BRDA:58,5,1,0
BRF:13
BRH:5
end_of_record
TN:
SF:src\toNumber.js
FN:44,toNumber
FNF:1
FNH:1
FNDA:20,toNumber
DA:5,1
DA:8,1
DA:11,1
DA:14,1
DA:17,1
DA:20,1
DA:45,20
DA:46,5
DA:48,15
DA:49,1
DA:51,14
DA:52,2
DA:53,2
DA:55,14
DA:56,1
DA:58,13
DA:59,13
DA:60,13
LF:18
LH:18
BRDA:45,0,0,5
BRDA:45,0,1,15
BRDA:48,1,0,1
BRDA:48,1,1,14
BRDA:51,2,0,2
BRDA:51,2,1,12
BRDA:52,3,0,2
BRDA:52,3,1,0
BRDA:53,4,0,1
BRDA:53,4,1,1
BRDA:55,5,0,1
BRDA:55,5,1,13
BRDA:56,6,0,0
BRDA:56,6,1,1
BRDA:60,7,0,1
BRDA:60,7,1,12
BRDA:60,8,0,13
BRDA:60,8,1,12
BRDA:61,9,0,1
BRDA:61,9,1,0
BRDA:62,10,0,0
BRDA:62,10,1,12
BRF:22
BRH:18
end_of_record
TN:
SF:src\.internal\baseGet.js
FN:12,baseGet
FNF:1
FNH:1
FNDA:3,baseGet
DA:13,3
DA:15,3
DA:16,3
DA:18,3
DA:19,3
DA:21,3
LF:6
LH:6
BRDA:18,0,0,6
BRDA:18,0,1,5
BRDA:21,1,0,3
BRDA:21,1,1,0
BRDA:21,2,0,3
BRDA:21,2,1,3
BRF:6
BRH:5
end_of_record
TN:
SF:src\.internal\baseToNumber.js
FN:14,baseToNumber
FNF:1
FNH:1
FNDA:2,baseToNumber
DA:4,2
DA:15,2
DA:16,2
DA:18,0
DA:19,0
DA:21,0
LF:6
LH:3
BRDA:15,0,0,2
BRDA:15,0,1,0
BRDA:18,1,0,0
BRDA:18,1,1,0
BRF:4
BRH:1
end_of_record
TN:
SF:src\.internal\baseToString.js
FN:17,baseToString
FNF:1
FNH:1
FNDA:2,baseToString
DA:4,2
DA:7,2
DA:19,2
DA:20,2
DA:22,0
DA:24,0
DA:26,0
DA:27,0
DA:29,0
DA:30,0
LF:10
LH:4
BRDA:19,0,0,2
BRDA:19,0,1,0
BRDA:22,1,0,0
BRDA:22,1,1,0
BRDA:26,2,0,0
BRDA:26,2,1,0
BRDA:27,3,0,0
BRDA:27,3,1,0
BRDA:30,4,0,0
BRDA:30,4,1,0
BRDA:30,5,0,0
BRDA:30,5,1,0
BRF:12
BRH:1
end_of_record
TN:
SF:src\.internal\castPath.js
FN:12,castPath
FNF:1
FNH:1
FNDA:3,castPath
DA:13,3
DA:14,0
DA:16,3
LF:3
LH:2
BRDA:13,0,0,0
BRDA:13,0,1,3
BRDA:16,1,0,3
BRDA:16,1,1,0
BRF:4
BRH:2
end_of_record
TN:
SF:src\.internal\createMathOperation.js
FN:12,createMathOperation
FN:13,(anonymous_1)
FNF:2
FNH:2
FNDA:2,createMathOperation
FNDA:5,(anonymous_1)
DA:13,2
DA:14,5
DA:15,1
DA:17,4
DA:18,1
DA:20,3
DA:21,1
DA:23,2
DA:24,1
DA:25,1
DA:28,1
DA:29,1
DA:31,2
LF:13
LH:13
BRDA:14,0,0,1
BRDA:14,0,1,4
BRDA:14,1,0,5
BRDA:14,1,1,2
BRDA:17,2,0,1
BRDA:17,2,1,3
BRDA:17,3,0,4
BRDA:17,3,1,3
BRDA:20,4,0,1
BRDA:20,4,1,2
BRDA:20,5,0,3
BRDA:20,5,1,3
BRDA:23,6,0,1
BRDA:23,6,1,1
BRDA:23,7,0,2
BRDA:23,7,1,1
BRF:16
BRH:16
end_of_record
TN:
SF:src\.internal\freeGlobal.js
FNF:0
FNH:0
DA:2,1
LF:1
LH:1
BRDA:2,0,0,1
BRDA:2,0,1,1
BRDA:2,0,2,1
BRDA:2,0,3,1
BRF:4
BRH:4
end_of_record
TN:
SF:src\.internal\getTag.js
FN:10,getTag
FNF:1
FNH:1
FNDA:6,getTag
DA:1,4
DA:11,6
DA:12,0
DA:14,6
LF:4
LH:3
BRDA:11,0,0,0
BRDA:11,0,1,6
BRDA:12,1,0,0
BRDA:12,1,1,0
BRF:4
BRH:1
end_of_record
TN:
SF:src\.internal\isKey.js
FN:15,isKey
FNF:1
FNH:1
FNDA:3,isKey
DA:4,1
DA:5,1
DA:16,3
DA:17,0
DA:19,3
DA:20,3
DA:21,3
DA:23,0
LF:8
LH:6
BRDA:16,0,0,0
BRDA:16,0,1,3
BRDA:20,1,0,3
BRDA:20,1,1,0
BRDA:20,2,0,3
BRDA:20,2,1,1
BRDA:20,2,2,1
BRDA:20,2,3,0
BRDA:23,3,0,0
BRDA:23,3,1,0
BRDA:23,3,2,0
BRDA:23,3,3,0
BRF:12
BRH:5
end_of_record
TN:
SF:src\.internal\isPrototype.js
FN:11,isPrototype
FNF:1
FNH:1
FNDA:4,isPrototype
DA:2,1
DA:12,4
DA:13,4
DA:15,4
LF:4
LH:4
BRDA:12,0,0,4
BRDA:12,0,1,3
BRDA:13,1,0,4
BRDA:13,1,1,3
BRDA:13,1,2,1
BRF:5
BRH:5
end_of_record
TN:
SF:src\.internal\memoizeCapped.js
FN:14,memoizeCapped
FN:15,(anonymous_1)
FNF:2
FNH:1
FNDA:1,memoizeCapped
FNDA:0,(anonymous_1)
DA:4,1
DA:15,1
DA:16,0
DA:17,0
DA:18,0
DA:20,0
DA:23,1
LF:7
LH:3
BRDA:17,0,0,0
BRDA:17,0,1,0
BRF:2
BRH:0
end_of_record
TN:
SF:src\.internal\nodeTypes.js
FN:16,(anonymous_0)
FNF:1
FNH:1
FNDA:1,(anonymous_0)
DA:4,1
DA:7,1
DA:10,1
DA:13,1
DA:16,1
DA:17,1
DA:20,1
DA:21,1
LF:8
LH:8
BRDA:4,0,0,1
BRDA:4,0,1,1
BRDA:4,0,2,1
BRDA:4,0,3,1
BRDA:7,1,0,1
BRDA:7,1,1,1
BRDA:7,1,2,1
BRDA:7,1,3,1
BRDA:7,1,4,1
BRDA:10,2,0,1
BRDA:10,2,1,1
BRDA:13,3,0,1
BRDA:13,3,1,1
BRDA:20,4,0,1
BRDA:20,4,1,1
BRDA:20,4,2,1
BRDA:21,5,0,1
BRDA:21,5,1,0
BRDA:24,6,0,0
BRDA:24,6,1,0
BRDA:24,6,2,0
BRF:21
BRH:17
end_of_record
TN:
SF:src\.internal\root.js
FNF:0
FNH:0
DA:5,1
DA:8,1
DA:11,1
LF:3
LH:3
BRDA:5,0,0,1
BRDA:5,0,1,1
BRDA:5,0,2,1
BRDA:5,0,3,1
BRDA:8,1,0,1
BRDA:8,1,1,0
BRDA:8,1,2,0
BRDA:8,1,3,0
BRDA:11,2,0,1
BRDA:11,2,1,0
BRDA:11,2,2,0
BRDA:11,2,3,0
BRF:12
BRH:6
end_of_record
TN:
SF:src\.internal\stringToPath.js
FN:26,(anonymous_0)
FN:31,(anonymous_1)
FNF:2
FNH:0
FNDA:0,(anonymous_0)
FNDA:0,(anonymous_1)
DA:3,1
DA:4,1
DA:5,1
DA:26,1
DA:27,0
DA:28,0
DA:29,0
DA:31,0
DA:32,0
DA:33,0
DA:34,0
DA:36,0
DA:37,0
DA:39,0
DA:41,0
LF:15
LH:4
BRDA:28,0,0,0
BRDA:28,0,1,0
BRDA:33,1,0,0
BRDA:33,1,1,0
BRDA:36,2,0,0
BRDA:36,2,1,0
BRF:6
BRH:0
end_of_record
TN:
SF:src\.internal\toKey.js
FN:13,toKey
FNF:1
FNH:1
FNDA:3,toKey
DA:4,1
DA:14,3
DA:15,0
DA:17,3
DA:18,3
LF:5
LH:4
BRDA:14,0,0,0
BRDA:14,0,1,3
BRDA:14,1,0,3
BRDA:14,1,1,3
BRDA:18,2,0,0
BRDA:18,2,1,3
BRDA:18,3,0,3
BRDA:18,3,1,2
BRF:8
BRH:6
end_of_record
