TN:
SF:src\add.js
FN:16,(anonymous_0)
FNF:1
FNH:1
FNDA:3,(anonymous_0)
DA:16,3
LF:1
LH:1
BRF:0
BRH:0
end_of_record
TN:
SF:src\capitalize.js
FN:17,(anonymous_0)
FNF:1
FNH:1
FNDA:4,(anonymous_0)
DA:17,4
LF:1
LH:1
BRF:0
BRH:0
end_of_record
TN:
SF:src\castArray.js
FN:33,castArray
FNF:1
FNH:1
FNDA:7,castArray
DA:34,7
DA:35,7
LF:2
LH:2
BRDA:35,0,0,1
BRDA:35,0,1,6
BRF:2
BRH:2
end_of_record
TN:
SF:src\eq.js
FN:31,eq
FNF:1
FNH:1
FNDA:6,eq
DA:32,6
LF:1
LH:1
BRDA:32,0,0,6
BRDA:32,0,1,5
BRDA:32,0,2,1
BRF:3
BRH:3
end_of_record
TN:
SF:src\filter.js
FN:24,filter
FNF:1
FNH:1
FNDA:3,filter
DA:25,3
DA:26,3
DA:27,3
DA:28,3
DA:30,3
DA:31,3
DA:32,3
DA:33,1
DA:36,3
LF:9
LH:9
BRDA:27,0,0,1
BRDA:27,0,1,2
BRDA:32,1,0,1
BRDA:32,1,1,2
BRF:4
BRH:4
end_of_record
TN:
SF:src\get.js
FN:27,get
FNF:1
FNH:1
FNDA:5,get
DA:28,5
DA:29,5
LF:2
LH:2
BRDA:28,0,0,1
BRDA:28,0,1,4
BRDA:29,1,0,2
BRDA:29,1,1,3
BRF:4
BRH:4
end_of_record
TN:
SF:src\isArguments.js
FN:19,isArguments
FNF:1
FNH:1
FNDA:1,isArguments
DA:20,1
LF:1
LH:1
BRDA:20,0,0,1
BRDA:20,0,1,1
BRF:2
BRH:2
end_of_record
TN:
SF:src\isArrayLike.js
FN:26,isArrayLike
FNF:1
FNH:1
FNDA:11,isArrayLike
DA:27,11
LF:1
LH:1
BRDA:27,0,0,11
BRDA:27,0,1,11
BRDA:27,0,2,11
BRF:3
BRH:3
end_of_record
TN:
SF:src\isBuffer.js
FN:33,(anonymous_0)
FNF:1
FNH:0
FNDA:0,(anonymous_0)
DA:4,1
DA:7,1
DA:10,1
DA:13,1
DA:16,1
DA:33,1
LF:6
LH:6
BRDA:4,0,0,1
BRDA:4,0,1,1
BRDA:4,0,2,1
BRDA:4,0,3,1
BRDA:7,1,0,1
BRDA:7,1,1,1
BRDA:7,1,2,1
BRDA:7,1,3,1
BRDA:7,1,4,1
BRDA:10,2,0,1
BRDA:10,2,1,1
BRDA:13,3,0,1
BRDA:13,3,1,0
BRDA:16,4,0,1
BRDA:16,4,1,0
BRDA:33,5,0,1
BRDA:33,5,1,0
BRF:17
BRH:14
end_of_record
TN:
SF:src\isEmpty.js
FN:45,isEmpty
FNF:1
FNH:1
FNDA:12,isEmpty
DA:9,1
DA:46,12
DA:47,1
DA:49,11
DA:52,5
DA:54,6
DA:55,6
DA:56,2
DA:58,4
DA:59,0
DA:61,4
DA:62,2
DA:63,2
DA:66,2
LF:14
LH:13
BRDA:46,0,0,1
BRDA:46,0,1,11
BRDA:49,1,0,5
BRDA:49,1,1,6
BRDA:49,2,0,11
BRDA:49,2,1,5
BRDA:49,2,2,4
BRDA:49,2,3,3
BRDA:49,2,4,3
BRDA:49,2,5,2
BRDA:49,2,6,1
BRDA:55,3,0,2
BRDA:55,3,1,4
BRDA:55,4,0,6
BRDA:55,4,1,5
BRDA:58,5,0,0
BRDA:58,5,1,4
BRDA:62,6,0,2
BRDA:62,6,1,0
BRF:19
BRH:17
end_of_record
TN:
SF:src\isLength.js
FN:28,isLength
FNF:1
FNH:1
FNDA:11,isLength
DA:2,1
DA:29,11
LF:2
LH:2
BRDA:29,0,0,11
BRDA:29,0,1,5
BRDA:29,0,2,5
BRDA:29,0,3,5
BRF:4
BRH:4
end_of_record
TN:
SF:src\isObject.js
FN:24,isObject
FNF:1
FNH:1
FNDA:21,isObject
DA:25,21
DA:26,21
LF:2
LH:2
BRDA:26,0,0,21
BRDA:26,0,1,20
BRDA:26,0,2,19
BRF:3
BRH:3
end_of_record
TN:
SF:src\isObjectLike.js
FN:23,isObjectLike
FNF:1
FNH:1
FNDA:1,isObjectLike
DA:24,1
LF:1
LH:1
BRDA:24,0,0,1
BRDA:24,0,1,1
BRF:2
BRH:2
end_of_record
TN:
SF:src\isSymbol.js
FN:18,isSymbol
FNF:1
FNH:1
FNDA:29,isSymbol
DA:19,29
DA:20,29
LF:2
LH:2
BRDA:20,0,0,29
BRDA:20,0,1,27
BRDA:20,0,2,2
BRDA:20,0,3,1
BRF:4
BRH:4
end_of_record
TN:
SF:src\isTypedArray.js
FN:27,(anonymous_0)
FN:28,(anonymous_1)
FNF:2
FNH:1
FNDA:2,(anonymous_0)
FNDA:0,(anonymous_1)
DA:6,1
DA:9,1
DA:26,1
DA:27,2
DA:28,0
LF:5
LH:4
BRDA:9,0,0,1
BRDA:9,0,1,1
BRDA:26,1,0,1
BRDA:26,1,1,0
BRDA:28,2,0,0
BRDA:28,2,1,0
BRF:6
BRH:3
end_of_record
TN:
SF:src\memoize.js
FN:43,memoize
FN:47,(anonymous_1)
FNF:2
FNH:2
FNDA:1,memoize
FNDA:2,(anonymous_1)
DA:44,1
DA:45,0
DA:47,1
DA:48,2
DA:49,2
DA:51,2
DA:52,1
DA:54,1
DA:55,1
DA:56,1
DA:58,1
DA:59,1
DA:62,1
LF:13
LH:12
BRDA:44,0,0,0
BRDA:44,0,1,1
BRDA:44,1,0,1
BRDA:44,1,1,1
BRDA:44,1,2,1
BRDA:48,2,0,2
BRDA:48,2,1,0
BRDA:51,3,0,1
BRDA:51,3,1,1
BRDA:55,4,0,1
BRDA:55,4,1,0
BRDA:58,5,0,1
BRDA:58,5,1,0
BRF:13
BRH:9
end_of_record
TN:
SF:src\slice.js
FN:21,slice
FNF:1
FNH:0
FNDA:0,slice
DA:22,0
DA:23,0
DA:24,0
DA:26,0
DA:27,0
DA:29,0
DA:30,0
DA:32,0
DA:33,0
DA:35,0
DA:36,0
DA:38,0
DA:39,0
DA:40,0
DA:41,0
DA:43,0
LF:16
LH:0
BRDA:22,0,0,0
BRDA:22,0,1,0
BRDA:23,1,0,0
BRDA:23,1,1,0
BRDA:26,2,0,0
BRDA:26,2,1,0
BRDA:27,3,0,0
BRDA:27,3,1,0
BRDA:29,4,0,0
BRDA:29,4,1,0
BRDA:30,5,0,0
BRDA:30,5,1,0
BRDA:32,6,0,0
BRDA:32,6,1,0
BRDA:35,7,0,0
BRDA:35,7,1,0
BRF:16
BRH:0
end_of_record
TN:
SF:src\toNumber.js
FN:44,toNumber
FNF:1
FNH:1
FNDA:25,toNumber
DA:5,1
DA:8,1
DA:11,1
DA:14,1
DA:17,1
DA:20,1
DA:45,25
DA:46,5
DA:48,20
DA:49,1
DA:51,19
DA:52,2
DA:53,2
DA:55,19
DA:56,1
DA:58,18
DA:59,18
DA:60,18
LF:18
LH:18
BRDA:45,0,0,5
BRDA:45,0,1,20
BRDA:48,1,0,1
BRDA:48,1,1,19
BRDA:51,2,0,2
BRDA:51,2,1,17
BRDA:52,3,0,2
BRDA:52,3,1,0
BRDA:53,4,0,1
BRDA:53,4,1,1
BRDA:55,5,0,1
BRDA:55,5,1,18
BRDA:56,6,0,0
BRDA:56,6,1,1
BRDA:60,7,0,2
BRDA:60,7,1,16
BRDA:60,8,0,18
BRDA:60,8,1,17
BRDA:61,9,0,1
BRDA:61,9,1,1
BRDA:62,10,0,1
BRDA:62,10,1,15
BRF:22
BRH:20
end_of_record
TN:
SF:src\toString.js
FN:25,toString
FN:33,(anonymous_1)
FNF:2
FNH:2
FNDA:14,toString
FNDA:4,(anonymous_1)
DA:4,2
DA:28,14
DA:29,8
DA:31,6
DA:33,4
DA:35,4
DA:36,1
DA:38,3
DA:39,3
LF:9
LH:9
BRDA:28,0,0,8
BRDA:28,0,1,6
BRDA:31,1,0,2
BRDA:31,1,1,4
BRDA:33,2,0,1
BRDA:33,2,1,3
BRDA:35,3,0,1
BRDA:35,3,1,3
BRDA:39,4,0,1
BRDA:39,4,1,2
BRDA:39,5,0,3
BRDA:39,5,1,1
BRF:12
BRH:12
end_of_record
TN:
SF:src\upperFirst.js
FNF:0
FNH:0
DA:19,1
LF:1
LH:1
BRF:0
BRH:0
end_of_record
TN:
SF:src\words.js
FN:10,asciiWords
FN:30,words
FNF:2
FNH:2
FNDA:3,asciiWords
FNDA:8,words
DA:3,1
DA:8,1
DA:11,3
DA:31,8
DA:32,6
DA:33,6
DA:35,2
LF:7
LH:7
BRDA:31,0,0,6
BRDA:31,0,1,2
BRDA:32,1,0,3
BRDA:32,1,1,3
BRDA:33,2,0,6
BRDA:33,2,1,2
BRDA:35,3,0,2
BRDA:35,3,1,1
BRF:8
BRH:8
end_of_record
